[2021-12-03 06:45:20.047] [exthost] [info] Extension host with pid 494548 started
[2021-12-03 06:45:20.047] [exthost] [info] Skipping acquiring lock for /home/aadi/.config/Code - Insiders/User/workspaceStorage/74a769d562bbdf54dc6c82f62891db94.
[2021-12-03 06:45:20.076] [exthost] [info] ExtensionService#_doActivateExtension vscode.microsoft-authentication, startup: false, activationEvent: 'onAuthenticationRequest:microsoft'
[2021-12-03 06:45:20.093] [exthost] [info] ExtensionService#_doActivateExtension vscode.ipynb, startup: false, activationEvent: 'onNotebook:jupyter-notebook}'
[2021-12-03 06:45:20.106] [exthost] [info] ExtensionService#_doActivateExtension vscode.debug-auto-launch, startup: true, activationEvent: '*'
[2021-12-03 06:45:20.107] [exthost] [info] ExtensionService#_doActivateExtension vscode.git-base, startup: true, activationEvent: '*', root cause: vscode.github
[2021-12-03 06:45:20.109] [exthost] [info] ExtensionService#_doActivateExtension vscodevim.vim, startup: true, activationEvent: '*'
[2021-12-03 06:45:20.157] [exthost] [info] ExtensionService#_doActivateExtension vscode.git, startup: true, activationEvent: '*'
[2021-12-03 06:45:20.165] [exthost] [info] ExtensionService#_doActivateExtension vscode.github, startup: true, activationEvent: '*'
[2021-12-03 06:45:20.201] [exthost] [info] Eager extensions activated
[2021-12-03 06:45:20.252] [exthost] [info] ExtensionService#_doActivateExtension vscode.emmet, startup: false, activationEvent: 'onStartupFinished'
[2021-12-03 06:45:20.255] [exthost] [info] ExtensionService#_doActivateExtension vscode.merge-conflict, startup: false, activationEvent: 'onStartupFinished'
[2021-12-03 06:45:20.256] [exthost] [info] ExtensionService#_doActivateExtension PKief.material-icon-theme, startup: false, activationEvent: 'onStartupFinished'
[2021-12-03 06:45:20.270] [exthost] [info] ExtensionService#_doActivateExtension ms-toolsai.jupyter, startup: false, activationEvent: 'onNotebook:jupyter-notebook'
[2021-12-03 06:45:20.328] [exthost] [info] ExtensionService#_doActivateExtension ms-toolsai.jupyter-renderers, startup: false, activationEvent: 'onNotebook:*'
[2021-12-03 06:45:20.516] [exthost] [info] ExtensionService#_doActivateExtension vscode.github-authentication, startup: false, activationEvent: 'onAuthenticationRequest:github'
[2021-12-03 06:45:20.566] [exthost] [info] ExtensionService#_doActivateExtension ms-python.python, startup: false, activationEvent: 'onLanguage:python', root cause: ms-python.vscode-pylance
[2021-12-03 06:45:20.907] [exthost] [info] ExtensionService#_doActivateExtension ms-python.vscode-pylance, startup: false, activationEvent: 'onLanguage:python'
[2021-12-03 06:45:27.363] [exthost] [info] extension host terminating: renderer closed the socket
[2021-12-03 06:45:28.150] [exthost] [info] Extension host with pid 495079 started
[2021-12-03 06:45:28.172] [exthost] [info] ExtensionService#_doActivateExtension vscode.microsoft-authentication, startup: false, activationEvent: 'onAuthenticationRequest:microsoft'
[2021-12-03 06:45:28.191] [exthost] [info] ExtensionService#_doActivateExtension vscode.debug-auto-launch, startup: true, activationEvent: '*'
[2021-12-03 06:45:28.191] [exthost] [info] ExtensionService#_doActivateExtension vscode.git-base, startup: true, activationEvent: '*', root cause: vscode.github
[2021-12-03 06:45:28.193] [exthost] [info] ExtensionService#_doActivateExtension vscodevim.vim, startup: true, activationEvent: '*'
[2021-12-03 06:45:28.230] [exthost] [info] ExtensionService#_doActivateExtension vscode.git, startup: true, activationEvent: '*'
[2021-12-03 06:45:28.238] [exthost] [info] ExtensionService#_doActivateExtension vscode.github, startup: true, activationEvent: '*'
[2021-12-03 06:45:28.256] [exthost] [info] Eager extensions activated
[2021-12-03 06:45:28.261] [exthost] [info] ExtensionService#_doActivateExtension vscode.emmet, startup: false, activationEvent: 'onStartupFinished'
[2021-12-03 06:45:28.266] [exthost] [info] ExtensionService#_doActivateExtension vscode.merge-conflict, startup: false, activationEvent: 'onStartupFinished'
[2021-12-03 06:45:28.267] [exthost] [info] ExtensionService#_doActivateExtension PKief.material-icon-theme, startup: false, activationEvent: 'onStartupFinished'
[2021-12-03 06:45:28.270] [exthost] [info] ExtensionService#_doActivateExtension vscode.github-authentication, startup: false, activationEvent: 'onAuthenticationRequest:github'
[2021-12-03 06:45:28.368] [exthost] [info] Extension host with pid 494548 exiting with code 0
[2021-12-03 06:45:49.650] [exthost] [info] ExtensionService#_doActivateExtension ms-python.python, startup: false, activationEvent: 'onLanguage:python', root cause: ms-python.vscode-pylance
[2021-12-03 06:45:49.749] [exthost] [info] ExtensionService#_doActivateExtension ms-toolsai.jupyter, startup: false, activationEvent: 'onLanguage:python'
[2021-12-03 06:45:49.957] [exthost] [info] ExtensionService#_doActivateExtension ms-toolsai.jupyter-renderers, startup: false, activationEvent: 'api', root cause: ms-toolsai.jupyter
[2021-12-03 06:45:49.991] [exthost] [info] ExtensionService#_doActivateExtension ms-python.vscode-pylance, startup: false, activationEvent: 'onLanguage:python'
[2021-12-03 06:46:53.484] [exthost] [error] [ms-python.python] provider FAILED
[2021-12-03 06:46:53.488] [exthost] [error] TypeError: Cannot read property 'length' of undefined
    at /home/aadi/.vscode-insiders/extensions/ms-python.python-2021.12.1522449417-dev/out/client/extension.js:67:257359
    at p (/home/aadi/.vscode-insiders/extensions/ms-python.python-2021.12.1522449417-dev/out/client/extension.js:67:262355)
    at z.provideCompletionItems (/opt/visual-studio-code-insiders/resources/app/out/vs/workbench/services/extensions/node/extensionHostProcess.js:95:101392)
[2021-12-03 06:47:14.369] [exthost] [error] [ms-python.python] provider FAILED
[2021-12-03 06:47:14.369] [exthost] [error] Canceled: Canceled
    at S.makeCancelError (/home/aadi/.vscode-insiders/extensions/ms-python.python-2021.12.1522449417-dev/out/client/extension.js:24:159824)
    at S.handleFailedRequest (/home/aadi/.vscode-insiders/extensions/ms-python.python-2021.12.1522449417-dev/out/client/extension.js:24:159675)
    at /home/aadi/.vscode-insiders/extensions/ms-python.python-2021.12.1522449417-dev/out/client/extension.js:24:123609
    at h.provideDocumentHighlights (/opt/visual-studio-code-insiders/resources/app/out/vs/workbench/services/extensions/node/extensionHostProcess.js:95:91799)
[2021-12-03 06:47:39.607] [exthost] [error] [ms-python.python] provider FAILED
[2021-12-03 06:47:39.607] [exthost] [error] Canceled: Canceled
    at S.makeCancelError (/home/aadi/.vscode-insiders/extensions/ms-python.python-2021.12.1522449417-dev/out/client/extension.js:24:159824)
    at S.handleFailedRequest (/home/aadi/.vscode-insiders/extensions/ms-python.python-2021.12.1522449417-dev/out/client/extension.js:24:159675)
    at /home/aadi/.vscode-insiders/extensions/ms-python.python-2021.12.1522449417-dev/out/client/extension.js:24:127536
    at I.provideCodeActions (/opt/visual-studio-code-insiders/resources/app/out/vs/workbench/services/extensions/node/extensionHostProcess.js:95:93155)
[2021-12-03 06:48:33.602] [exthost] [info] extension host terminating: renderer closed the socket
[2021-12-03 06:48:33.788] [exthost] [error] TypeError: Converting circular structure to JSON
    --> starting at object with constructor 't'
    |     property '_readableState' -> object with constructor 'C'
    |     property 'pipes' -> object with constructor 'Array'
    |     index 0 -> object with constructor 't.ConsoleForElectron'
    --- property 'parent' closes the circle
    at JSON.stringify (<anonymous>)
    at /home/aadi/.vscode-insiders/extensions/vscodevim.vim-1.21.10/src/register/register.ts:357:16
    at runMicrotasks (<anonymous>)
    at process.async (internal/process/task_queues.js:93:5)
    at Object.e.deactivate (/home/aadi/.vscode-insiders/extensions/vscodevim.vim-1.21.10/extension.ts:36:8)
    at async Promise.all (index 13)
    at v.deactivateAll (/opt/visual-studio-code-insiders/resources/app/out/vs/workbench/services/extensions/node/extensionHostProcess.js:100:10083)
[2021-12-03 06:48:33.788] [exthost] [info] Extension host with pid 495079 exiting with code 0
