Jupyter Extension Version: 2021.11.1001532801.
Python Extension Verison: 2021.12.1522449417-dev.
Info 06:45:20: Experimentation service retrieved: [object Object]
User belongs to experiment group 'jupyterTestcf'
User belongs to experiment group 'jupyterEnhancedDataViewer'
Info 06:45:20: ZMQ install verified.
Info 06:45:20: Experiment status for python is {"enabled":true,"optInto":[],"optOutFrom":[]}
Info 06:45:20: Setting setActiveController for ~/projects/data-science-syllabus/notebooks/ThinkBayes/chap06.ipynb
Info 06:45:20: KernelProvider switched kernel to id = .jvsc74a57bd071e8b1f6f3495059fce097d5c6575812dc5dac8fbff18ce1c88517378c99d58f./home/aadi/miniconda3/python./home/aadi/miniconda3/python.-m#ipykernel_launcher
Info 06:45:20: Starting Notebook in kernel.ts id = .jvsc74a57bd071e8b1f6f3495059fce097d5c6575812dc5dac8fbff18ce1c88517378c99d58f./home/aadi/miniconda3/python./home/aadi/miniconda3/python.-m#ipykernel_launcher
Info 06:45:20: Creating raw notebook for ~/projects/data-science-syllabus/notebooks/ThinkBayes/chap06.ipynb
Info 06:45:20: Getting preferred kernel for ~/projects/data-science-syllabus/notebooks/ThinkBayes/chap06.ipynb
Info 06:45:20: Computing working directory ~/projects/data-science-syllabus/notebooks/ThinkBayes/chap06.ipynb
Info 06:45:21: Starting raw kernel base (Python 3.9.5)
Info 06:45:21: installMissingDependencies ~/miniconda3/bin/python
Info 06:45:21: IPykernel found previously in this enviornment ~/miniconda3/bin/python
Info 06:45:21: Kernel launching with ports 9000,9001,9002,9003,9004. Start port is 9000
Info 06:45:21: Launching kernel daemon for Python 3.9.5 64-bit ('base': conda) # ~/miniconda3/bin/python
Info 06:45:21: Creating controller for jupyter-notebook with interpreter /bin/python
Info 06:45:21: Find preferred kernel for ~/projects/data-science-syllabus/notebooks/ThinkBayes/chap06.ipynb with metadata {"celltoolbar":"Tags","kernelspec":{"display_name":"Python 3","language":"python","name":"python3"},"language_info":{"codemirror_mode":{"name":"ipython","version":3},"file_extension":".py","mimetype":"text/x-python","name":"python","nbconvert_exporter":"python","pygments_lexer":"ipython3","version":"3.9.5"}} & preferred interpreter /bin/python
Info 06:45:21: findKernel found Python 3.9.7 64-bit
Info 06:45:21: PreferredConnection: .jvsc74a57bd0e7370f93d1d0cde622a1f8e1c04877d8463912d04d973331ad4851f04de6915a./bin/python./bin/python.-m#ipykernel_launcher found for NotebookDocument: ~/projects/data-science-syllabus/notebooks/ThinkBayes/chap06.ipynb
Info 06:45:21: TargetController found ID: .jvsc74a57bd0e7370f93d1d0cde622a1f8e1c04877d8463912d04d973331ad4851f04de6915a./bin/python./bin/python.-m#ipykernel_launcher for document ~/projects/data-science-syllabus/notebooks/ThinkBayes/chap06.ipynb
Info 06:45:21: Setting controller affinity for ~/projects/data-science-syllabus/notebooks/ThinkBayes/chap06.ipynb .jvsc74a57bd0e7370f93d1d0cde622a1f8e1c04877d8463912d04d973331ad4851f04de6915a./bin/python./bin/python.-m#ipykernel_launcher
Info 06:45:21: Process Execution: > ~/miniconda3/bin/python -m pip list
> ~/miniconda3/bin/python -m pip list
Info 06:45:21: Creating daemon process for ~/miniconda3/bin/python with env variables count 77
Info 06:45:21: Process Execution: > ~/miniconda3/bin/python -m vscode_datascience_helpers.daemon --daemon-module=vscode_datascience_helpers.kernel_launcher_daemon -v
> ~/miniconda3/bin/python -m vscode_datascience_helpers.daemon --daemon-module=vscode_datascience_helpers.kernel_launcher_daemon -v
Info 06:45:21: Starting kernel from scratch
Info 06:45:21: Process Execution: > /bin/python -m pip list
> /bin/python -m pip list
Info 06:45:21: Registering dummy command feature
Info 06:45:21: Raw session started and connected
Started kernel base (Python 3.9.5)
Info 06:45:21: Finished connecting db488757-0a15-4b99-aed7-f3569877c939
Info 06:45:21: UpdateWorkingDirectoryAndPath in Kernel
Warn 06:45:21: StdErr from Kernel Process /home/aadi/miniconda3/lib/python3.9/site-packages/traitlets/traitlets.py:2202: FutureWarning: Supporting extra quotes around strings is deprecated in traitlets 5.0. You can use 'hmac-sha256' instead of '"hmac-sha256"' if you require traitlets >=5.

Warn 06:45:21: StdErr from Kernel Process   warn(

Warn 06:45:21: StdErr from Kernel Process /home/aadi/miniconda3/lib/python3.9/site-packages/traitlets/traitlets.py:2157: FutureWarning: Supporting extra quotes around Bytes is deprecated in traitlets 5.0. Use 'f3e37fd2-e542-49dc-8ae8-168d5a29ca27' instead of 'b"f3e37fd2-e542-49dc-8ae8-168d5a29ca27"'.

Warn 06:45:21: StdErr from Kernel Process   warn(

Info 06:45:21: changeDirectoryIfPossible
Info 06:45:21: Executing (status idle) silently Code = import os\nimport sys\n%cd "/home/aadi/projects/data-science-syllabus/notebooks/ThinkBayes"\nif os.getc
Info 06:45:21: Executing silently Code (completed) = import os\nimport sys\n%cd "/home/aadi/projects/data-science-syllabus/notebooks/ThinkBayes"\nif os.getc
Info 06:45:21: Executing (status idle) silently Code = %config Completer.use_jedi = False
Info 06:45:21: Executing silently Code (completed) = %config Completer.use_jedi = False
Info 06:45:21: Executing (status idle) silently Code = %config InlineBackend.figure_formats = ['png']
Info 06:45:21: Executing silently Code (completed) = %config InlineBackend.figure_formats = ['png']
Info 06:45:21: Executing (status idle) silently Code = import sys\nprint(sys.executable)
Info 06:45:21: Executing silently Code (completed) = import sys\nprint(sys.executable)
Info 06:45:21: Waiting for idle on (kernel): dc7b82c4-1ded-4dde-bb71-dda0261c527e -> idle
Info 06:45:21: Finished waiting for idle on (kernel): dc7b82c4-1ded-4dde-bb71-dda0261c527e -> idle
Info 06:45:21: IPyWidgetScriptSource.initialize
Info 06:45:22: Registering dummy command feature
Info 06:45:27: Shutting down notebooks for db488757-0a15-4b99-aed7-f3569877c939
Info 06:45:27: Disposing HostJupyterExecution bdf44e4e-7c91-4f3a-85c3-29b2ead9cc9b
Info 06:45:27: Disposing super HostJupyterExecution bdf44e4e-7c91-4f3a-85c3-29b2ead9cc9b
Info 06:45:27: Dispose kernel file:///home/aadi/projects/data-science-syllabus/notebooks/ThinkBayes/chap06.ipynb
Info 06:45:27: Dispose Kernel process
Info 06:45:27: kill daemon
Info 06:45:27: Disposing HostJupyterExecution bdf44e4e-7c91-4f3a-85c3-29b2ead9cc9b
Info 06:45:27: Finished disposing HostJupyterExecution  bdf44e4e-7c91-4f3a-85c3-29b2ead9cc9b
Info 06:45:27: Cleaning up server cache bdf44e4e-7c91-4f3a-85c3-29b2ead9cc9b
Info 06:45:27: Finished disposing HostJupyterExecution  bdf44e4e-7c91-4f3a-85c3-29b2ead9cc9b
