[Info  - 12:49:40 PM] Pylance language server 2021.12.1-pre.1 (pyright acfc919d) starting
[Info  - 12:49:40 PM] Server root directory: /home/aadi/.vscode-insiders/extensions/ms-python.vscode-pylance-2021.12.1-pre.1/dist
[Info  - 12:49:40 PM] No configuration file found.
[Info  - 12:49:40 PM] No pyproject.toml file found.
[Info  - 12:49:40 PM] Setting pythonPath for service "omdena": "/bin/python"
[Warn  - 12:49:40 PM] stubPath /home/aadi/projects/omdena/typings is not a valid directory.
[Info  - 12:49:40 PM] Assuming Python version 3.9
[Info  - 12:49:40 PM] Assuming Python platform Linux
[Warn  - 12:49:41 PM] Exception received when installing file system watcher: TypeError [ERR_FEATURE_UNAVAILABLE_ON_PLATFORM]: The feature watch recursively is unavailable on the current platform, which is being used to run Node.js
[Warn  - 12:49:41 PM] Exception received when installing file system watcher: TypeError [ERR_FEATURE_UNAVAILABLE_ON_PLATFORM]: The feature watch recursively is unavailable on the current platform, which is being used to run Node.js
[Warn  - 12:49:41 PM] Exception received when installing file system watcher: TypeError [ERR_FEATURE_UNAVAILABLE_ON_PLATFORM]: The feature watch recursively is unavailable on the current platform, which is being used to run Node.js
[Warn  - 12:49:41 PM] Exception received when installing file system watcher: TypeError [ERR_FEATURE_UNAVAILABLE_ON_PLATFORM]: The feature watch recursively is unavailable on the current platform, which is being used to run Node.js
[Info  - 12:49:41 PM] Searching for source files
[Info  - 12:49:41 PM] Auto-excluding /home/aadi/projects/omdena/src/env
[Info  - 12:49:41 PM] Found 4 source files
[Info  - 12:49:41 PM] Background analysis(1) root directory: /home/aadi/.vscode-insiders/extensions/ms-python.vscode-pylance-2021.12.1-pre.1/dist
[Info  - 12:49:41 PM] Background analysis(1) started
[Info  - 12:49:41 PM] Indexer background runner(2) root directory: /home/aadi/.vscode-insiders/extensions/ms-python.vscode-pylance-2021.12.1-pre.1/dist
[Info  - 12:49:41 PM] Indexing(2) started
[Info  - 12:49:41 PM] Indexer done(2). indexed 457 files
[Info  - 12:56:02 PM] Searching for source files
[Info  - 12:56:02 PM] Auto-excluding /home/aadi/projects/omdena/src/env
[Info  - 12:56:02 PM] Found 4 source files
[Info  - 12:56:19 PM] Searching for source files
[Info  - 12:56:19 PM] Auto-excluding /home/aadi/projects/omdena/src/env
[Info  - 12:56:19 PM] Found 4 source files
[Info  - 12:56:58 PM] Searching for source files
[Info  - 12:56:58 PM] Auto-excluding /home/aadi/projects/omdena/src/env
[Info  - 12:56:58 PM] Found 5 source files
[Info  - 12:59:50 PM] No configuration file found.
[Info  - 12:59:50 PM] No pyproject.toml file found.
[Info  - 12:59:50 PM] Setting pythonPath for service "omdena": "/home/aadi/projects/omdena/src/env/bin/python"
[Warn  - 12:59:50 PM] stubPath /home/aadi/projects/omdena/typings is not a valid directory.
[Info  - 12:59:50 PM] Assuming Python version 3.9
[Info  - 12:59:50 PM] Assuming Python platform Linux
[Warn  - 12:59:50 PM] Exception received when installing file system watcher: TypeError [ERR_FEATURE_UNAVAILABLE_ON_PLATFORM]: The feature watch recursively is unavailable on the current platform, which is being used to run Node.js
[Warn  - 12:59:50 PM] Exception received when installing file system watcher: TypeError [ERR_FEATURE_UNAVAILABLE_ON_PLATFORM]: The feature watch recursively is unavailable on the current platform, which is being used to run Node.js
[Info  - 12:59:50 PM] Searching for source files
[Info  - 12:59:50 PM] Auto-excluding /home/aadi/projects/omdena/src/env
[Info  - 12:59:50 PM] Found 5 source files
[Info  - 12:59:50 PM] Indexer background runner(3) root directory: /home/aadi/.vscode-insiders/extensions/ms-python.vscode-pylance-2021.12.1-pre.1/dist
[Info  - 12:59:50 PM] Indexing(3) started
[Info  - 12:59:51 PM] Indexer done(3). indexed 429 files
[Info  - 1:00:50 PM] Searching for source files
[Info  - 1:00:50 PM] Auto-excluding /home/aadi/projects/omdena/src/env
[Info  - 1:00:50 PM] Found 5 source files
[Info  - 1:04:36 PM] Searching for source files
[Info  - 1:04:36 PM] Auto-excluding /home/aadi/projects/omdena/src/env
[Info  - 1:04:36 PM] Found 6 source files
