[2021-12-03 13:04:52.312] [renderer1] [error] [Extension Host] (node:754516) [DEP0005] DeprecationWarning: Buffer() is deprecated due to security and usability issues. Please use the Buffer.alloc(), Buffer.allocUnsafe(), or Buffer.from() methods instead.
(Use `code-insiders --trace-deprecation ...` to show where the warning was created)
[2021-12-03 13:04:52.961] [renderer1] [warning] [File Watcher (parcel)] correcting a path to watch that seems to be a symbolic link (original: /home/aadi/projects/omdena, real: /mnt/storage/projects/omdena)
[2021-12-03 13:04:54.042] [renderer1] [error] ENOENT: no such file or directory, lstat 'conda': Error: ENOENT: no such file or directory, lstat 'conda'
[2021-12-03 13:05:22.970] [renderer1] [error] Cannot read property 'length' of undefined: TypeError: Cannot read property 'length' of undefined
    at /home/aadi/.vscode-insiders/extensions/ms-python.python-2021.12.1522449417-dev/out/client/extension.js:67:257359
    at p (/home/aadi/.vscode-insiders/extensions/ms-python.python-2021.12.1522449417-dev/out/client/extension.js:67:262355)
    at z.provideCompletionItems (/opt/visual-studio-code-insiders/resources/app/out/vs/workbench/services/extensions/node/extensionHostProcess.js:95:101392)
[2021-12-03 13:05:41.392] [renderer1] [error] name must not be falsy: Error: name must not be falsy
    at Function.validate (/opt/visual-studio-code-insiders/resources/app/out/vs/workbench/services/extensions/node/extensionHostProcess.js:86:30557)
    at new t (/opt/visual-studio-code-insiders/resources/app/out/vs/workbench/services/extensions/node/extensionHostProcess.js:86:30506)
    at new t (/opt/visual-studio-code-insiders/resources/app/out/vs/workbench/services/extensions/node/extensionHostProcess.js:86:17301)
    at B (/home/aadi/.vscode-insiders/extensions/ms-python.python-2021.12.1522449417-dev/out/client/extension.js:67:215318)
    at Array.map (<anonymous>)
    at Object.asDocumentSymbols (/home/aadi/.vscode-insiders/extensions/ms-python.python-2021.12.1522449417-dev/out/client/extension.js:67:220656)
    at /home/aadi/.vscode-insiders/extensions/ms-python.python-2021.12.1522449417-dev/out/client/extension.js:24:124585
    at o.provideDocumentSymbols (/opt/visual-studio-code-insiders/resources/app/out/vs/workbench/services/extensions/node/extensionHostProcess.js:95:87701)
[2021-12-03 13:11:06.809] [renderer1] [error] Cannot read property 'length' of undefined: TypeError: Cannot read property 'length' of undefined
    at /home/aadi/.vscode-insiders/extensions/ms-python.python-2021.12.1522449417-dev/out/client/extension.js:67:257359
    at p (/home/aadi/.vscode-insiders/extensions/ms-python.python-2021.12.1522449417-dev/out/client/extension.js:67:262355)
    at z.provideCompletionItems (/opt/visual-studio-code-insiders/resources/app/out/vs/workbench/services/extensions/node/extensionHostProcess.js:95:101392)
[2021-12-03 13:16:21.509] [renderer1] [error] Cannot read property 'length' of undefined: TypeError: Cannot read property 'length' of undefined
    at /home/aadi/.vscode-insiders/extensions/ms-python.python-2021.12.1522449417-dev/out/client/extension.js:67:257359
    at p (/home/aadi/.vscode-insiders/extensions/ms-python.python-2021.12.1522449417-dev/out/client/extension.js:67:262355)
    at z.provideCompletionItems (/opt/visual-studio-code-insiders/resources/app/out/vs/workbench/services/extensions/node/extensionHostProcess.js:95:101392)
[2021-12-03 13:22:21.837] [renderer1] [error] Cannot read property 'length' of undefined: TypeError: Cannot read property 'length' of undefined
    at /home/aadi/.vscode-insiders/extensions/ms-python.python-2021.12.1522449417-dev/out/client/extension.js:67:257359
    at p (/home/aadi/.vscode-insiders/extensions/ms-python.python-2021.12.1522449417-dev/out/client/extension.js:67:262355)
    at z.provideCompletionItems (/opt/visual-studio-code-insiders/resources/app/out/vs/workbench/services/extensions/node/extensionHostProcess.js:95:101392)
[2021-12-03 13:27:36.830] [renderer1] [error] Cannot read property 'length' of undefined: TypeError: Cannot read property 'length' of undefined
    at /home/aadi/.vscode-insiders/extensions/ms-python.python-2021.12.1522449417-dev/out/client/extension.js:67:257359
    at p (/home/aadi/.vscode-insiders/extensions/ms-python.python-2021.12.1522449417-dev/out/client/extension.js:67:262355)
    at z.provideCompletionItems (/opt/visual-studio-code-insiders/resources/app/out/vs/workbench/services/extensions/node/extensionHostProcess.js:95:101392)
[2021-12-03 13:54:50.514] [renderer1] [error] Cannot read property 'length' of undefined: TypeError: Cannot read property 'length' of undefined
    at /home/aadi/.vscode-insiders/extensions/ms-python.python-2021.12.1522449417-dev/out/client/extension.js:67:257359
    at p (/home/aadi/.vscode-insiders/extensions/ms-python.python-2021.12.1522449417-dev/out/client/extension.js:67:262355)
    at z.provideCompletionItems (/opt/visual-studio-code-insiders/resources/app/out/vs/workbench/services/extensions/node/extensionHostProcess.js:95:101392)
[2021-12-03 14:06:33.831] [renderer1] [error] Cannot read property 'length' of undefined: TypeError: Cannot read property 'length' of undefined
    at /home/aadi/.vscode-insiders/extensions/ms-python.python-2021.12.1522449417-dev/out/client/extension.js:67:257359
    at p (/home/aadi/.vscode-insiders/extensions/ms-python.python-2021.12.1522449417-dev/out/client/extension.js:67:262355)
    at z.provideCompletionItems (/opt/visual-studio-code-insiders/resources/app/out/vs/workbench/services/extensions/node/extensionHostProcess.js:95:101392)
[2021-12-03 14:19:54.919] [renderer1] [error] Cannot read property 'length' of undefined: TypeError: Cannot read property 'length' of undefined
    at /home/aadi/.vscode-insiders/extensions/ms-python.python-2021.12.1522449417-dev/out/client/extension.js:67:257359
    at p (/home/aadi/.vscode-insiders/extensions/ms-python.python-2021.12.1522449417-dev/out/client/extension.js:67:262355)
    at z.provideCompletionItems (/opt/visual-studio-code-insiders/resources/app/out/vs/workbench/services/extensions/node/extensionHostProcess.js:95:101392)
[2021-12-03 14:19:59.318] [renderer1] [error] name must not be falsy: Error: name must not be falsy
    at Function.validate (/opt/visual-studio-code-insiders/resources/app/out/vs/workbench/services/extensions/node/extensionHostProcess.js:86:30557)
    at new t (/opt/visual-studio-code-insiders/resources/app/out/vs/workbench/services/extensions/node/extensionHostProcess.js:86:30506)
    at new t (/opt/visual-studio-code-insiders/resources/app/out/vs/workbench/services/extensions/node/extensionHostProcess.js:86:17301)
    at B (/home/aadi/.vscode-insiders/extensions/ms-python.python-2021.12.1522449417-dev/out/client/extension.js:67:215318)
    at Array.map (<anonymous>)
    at Object.asDocumentSymbols (/home/aadi/.vscode-insiders/extensions/ms-python.python-2021.12.1522449417-dev/out/client/extension.js:67:220656)
    at /home/aadi/.vscode-insiders/extensions/ms-python.python-2021.12.1522449417-dev/out/client/extension.js:24:124585
    at o.provideDocumentSymbols (/opt/visual-studio-code-insiders/resources/app/out/vs/workbench/services/extensions/node/extensionHostProcess.js:95:87701)
[2021-12-03 14:21:04.788] [renderer1] [error] name must not be falsy: Error: name must not be falsy
    at Function.validate (/opt/visual-studio-code-insiders/resources/app/out/vs/workbench/services/extensions/node/extensionHostProcess.js:86:30557)
    at new t (/opt/visual-studio-code-insiders/resources/app/out/vs/workbench/services/extensions/node/extensionHostProcess.js:86:30506)
    at new t (/opt/visual-studio-code-insiders/resources/app/out/vs/workbench/services/extensions/node/extensionHostProcess.js:86:17301)
    at B (/home/aadi/.vscode-insiders/extensions/ms-python.python-2021.12.1522449417-dev/out/client/extension.js:67:215318)
    at Array.map (<anonymous>)
    at Object.asDocumentSymbols (/home/aadi/.vscode-insiders/extensions/ms-python.python-2021.12.1522449417-dev/out/client/extension.js:67:220656)
    at /home/aadi/.vscode-insiders/extensions/ms-python.python-2021.12.1522449417-dev/out/client/extension.js:24:124585
    at o.provideDocumentSymbols (/opt/visual-studio-code-insiders/resources/app/out/vs/workbench/services/extensions/node/extensionHostProcess.js:95:87701)
[2021-12-03 14:21:07.379] [renderer1] [error] name must not be falsy: Error: name must not be falsy
    at Function.validate (/opt/visual-studio-code-insiders/resources/app/out/vs/workbench/services/extensions/node/extensionHostProcess.js:86:30557)
    at new t (/opt/visual-studio-code-insiders/resources/app/out/vs/workbench/services/extensions/node/extensionHostProcess.js:86:30506)
    at new t (/opt/visual-studio-code-insiders/resources/app/out/vs/workbench/services/extensions/node/extensionHostProcess.js:86:17301)
    at B (/home/aadi/.vscode-insiders/extensions/ms-python.python-2021.12.1522449417-dev/out/client/extension.js:67:215318)
    at Array.map (<anonymous>)
    at Object.asDocumentSymbols (/home/aadi/.vscode-insiders/extensions/ms-python.python-2021.12.1522449417-dev/out/client/extension.js:67:220656)
    at /home/aadi/.vscode-insiders/extensions/ms-python.python-2021.12.1522449417-dev/out/client/extension.js:24:124585
    at o.provideDocumentSymbols (/opt/visual-studio-code-insiders/resources/app/out/vs/workbench/services/extensions/node/extensionHostProcess.js:95:87701)
