[2021-12-03 13:04:52.897] [sharedprocess] [info] Starting worker process with pid 754599 (type: watcherServiceParcelSharedProcess, window: 1).
[2021-12-03 14:18:30.049] [sharedprocess] [info] Installing extension: dongli.python-preview
[2021-12-03 14:18:30.616] [sharedprocess] [info] Downloaded extension: dongli.python-preview /home/aadi/.config/Code - Insiders/CachedExtensionVSIXs/dongli.python-preview-0.0.4
[2021-12-03 14:18:30.676] [sharedprocess] [info] Extracted extension to /home/aadi/.vscode-insiders/extensions/.9e336fa2-9724-4475-92d3-1774a2c90ac3: dongli.python-preview
[2021-12-03 14:18:30.682] [sharedprocess] [info] Renamed to /home/aadi/.vscode-insiders/extensions/dongli.python-preview-0.0.4
[2021-12-03 14:18:30.683] [sharedprocess] [info] Extracting completed. dongli.python-preview
[2021-12-03 14:18:30.684] [sharedprocess] [info] Extension installed successfully: dongli.python-preview
[2021-12-03 14:18:42.384] [sharedprocess] [info] Installing extension: njpwerner.autodocstring
[2021-12-03 14:18:42.824] [sharedprocess] [info] Downloaded extension: njpwerner.autodocstring /home/aadi/.config/Code - Insiders/CachedExtensionVSIXs/njpwerner.autodocstring-0.5.4
[2021-12-03 14:18:42.862] [sharedprocess] [info] Extracted extension to /home/aadi/.vscode-insiders/extensions/.f9592c30-5656-45e3-b366-428c7b483f60: njpwerner.autodocstring
[2021-12-03 14:18:42.867] [sharedprocess] [info] Renamed to /home/aadi/.vscode-insiders/extensions/njpwerner.autodocstring-0.5.4
[2021-12-03 14:18:42.868] [sharedprocess] [info] Extracting completed. njpwerner.autodocstring
[2021-12-03 14:18:42.869] [sharedprocess] [info] Extension installed successfully: njpwerner.autodocstring
[2021-12-03 14:19:03.361] [sharedprocess] [info] Installing extension: kevinrose.vsc-python-indent
[2021-12-03 14:19:04.105] [sharedprocess] [info] Downloaded extension: kevinrose.vsc-python-indent /home/aadi/.config/Code - Insiders/CachedExtensionVSIXs/kevinrose.vsc-python-indent-1.14.2
[2021-12-03 14:19:04.152] [sharedprocess] [info] Extracted extension to /home/aadi/.vscode-insiders/extensions/.84ce2ca7-3972-4316-9026-c2055975af2b: kevinrose.vsc-python-indent
[2021-12-03 14:19:04.157] [sharedprocess] [info] Renamed to /home/aadi/.vscode-insiders/extensions/kevinrose.vsc-python-indent-1.14.2
[2021-12-03 14:19:04.157] [sharedprocess] [info] Extracting completed. kevinrose.vsc-python-indent
[2021-12-03 14:19:04.158] [sharedprocess] [info] Extension installed successfully: kevinrose.vsc-python-indent
[2021-12-03 14:19:10.049] [sharedprocess] [info] Installing extension: visualstudioexptteam.vscodeintellicode
[2021-12-03 14:19:12.611] [sharedprocess] [info] Downloaded extension: visualstudioexptteam.vscodeintellicode /home/aadi/.config/Code - Insiders/CachedExtensionVSIXs/visualstudioexptteam.vscodeintellicode-1.2.14
[2021-12-03 14:19:12.813] [sharedprocess] [info] Extracted extension to /home/aadi/.vscode-insiders/extensions/.b5ef2441-e61d-4a46-8677-e32765d73ef9: visualstudioexptteam.vscodeintellicode
[2021-12-03 14:19:12.818] [sharedprocess] [info] Renamed to /home/aadi/.vscode-insiders/extensions/visualstudioexptteam.vscodeintellicode-1.2.14
[2021-12-03 14:19:12.819] [sharedprocess] [info] Extracting completed. visualstudioexptteam.vscodeintellicode
[2021-12-03 14:19:12.819] [sharedprocess] [info] Extension installed successfully: visualstudioexptteam.vscodeintellicode
[2021-12-03 14:19:30.501] [sharedprocess] [info] Installing extension: wholroyd.jinja
[2021-12-03 14:19:30.882] [sharedprocess] [info] Downloaded extension: wholroyd.jinja /home/aadi/.config/Code - Insiders/CachedExtensionVSIXs/wholroyd.jinja-0.0.8
[2021-12-03 14:19:30.888] [sharedprocess] [info] Extracted extension to /home/aadi/.vscode-insiders/extensions/.c7166ddc-dfe8-4a0c-8446-ae009adb0130: wholroyd.jinja
[2021-12-03 14:19:30.891] [sharedprocess] [info] Renamed to /home/aadi/.vscode-insiders/extensions/wholroyd.jinja-0.0.8
[2021-12-03 14:19:30.892] [sharedprocess] [info] Extracting completed. wholroyd.jinja
[2021-12-03 14:19:30.892] [sharedprocess] [info] Extension installed successfully: wholroyd.jinja
[2021-12-03 14:19:47.362] [sharedprocess] [info] Installing extension: frhtylcn.pythonsnippets
[2021-12-03 14:19:48.612] [sharedprocess] [info] Downloaded extension: frhtylcn.pythonsnippets /home/aadi/.config/Code - Insiders/CachedExtensionVSIXs/frhtylcn.pythonsnippets-1.0.2
[2021-12-03 14:19:48.655] [sharedprocess] [info] Extracted extension to /home/aadi/.vscode-insiders/extensions/.ee4ace42-42f1-4b75-a0ee-f119a5d51420: frhtylcn.pythonsnippets
[2021-12-03 14:19:48.659] [sharedprocess] [info] Renamed to /home/aadi/.vscode-insiders/extensions/frhtylcn.pythonsnippets-1.0.2
[2021-12-03 14:19:48.659] [sharedprocess] [info] Extracting completed. frhtylcn.pythonsnippets
[2021-12-03 14:19:48.660] [sharedprocess] [info] Extension installed successfully: frhtylcn.pythonsnippets
