Jupyter Extension Version: 2021.11.1001529796.
Python Extension Verison: 2021.11.1422169775.
Info 06:14:03: Experimentation service retrieved: [object Object]
User belongs to experiment group 'jupyterTestcf'
User belongs to experiment group 'jupyterEnhancedDataViewer'
Info 06:14:03: ZMQ install verified.
Info 06:14:03: Freferred kernel connection found in cache .jvsc74a57bd0e61bcc248381d548af8531941b810b8cac47cfa9e13e6f1e2b6b38fb833aaed3./home/aadi/miniconda3/envs/fire-bot/python./home/aadi/miniconda3/envs/fire-bot/python.-m#ipykernel_launcher
Info 06:14:03: PreferredConnection: .jvsc74a57bd0e61bcc248381d548af8531941b810b8cac47cfa9e13e6f1e2b6b38fb833aaed3./home/aadi/miniconda3/envs/fire-bot/python./home/aadi/miniconda3/envs/fire-bot/python.-m#ipykernel_launcher found for NotebookDocument: /mnt/storage/projects/fire-bot/src/TestingBayesianModel.ipynb
Info 06:14:03: Early registration of controller for Kernel connection .jvsc74a57bd0e61bcc248381d548af8531941b810b8cac47cfa9e13e6f1e2b6b38fb833aaed3./home/aadi/miniconda3/envs/fire-bot/python./home/aadi/miniconda3/envs/fire-bot/python.-m#ipykernel_launcher
Info 06:14:03: TargetController found ID: .jvsc74a57bd0e61bcc248381d548af8531941b810b8cac47cfa9e13e6f1e2b6b38fb833aaed3./home/aadi/miniconda3/envs/fire-bot/python./home/aadi/miniconda3/envs/fire-bot/python.-m#ipykernel_launcher for document /mnt/storage/projects/fire-bot/src/TestingBayesianModel.ipynb
Info 06:14:03: Setting controller affinity for /mnt/storage/projects/fire-bot/src/TestingBayesianModel.ipynb .jvsc74a57bd0e61bcc248381d548af8531941b810b8cac47cfa9e13e6f1e2b6b38fb833aaed3./home/aadi/miniconda3/envs/fire-bot/python./home/aadi/miniconda3/envs/fire-bot/python.-m#ipykernel_launcher
Info 06:14:03: Experiment status for python is {"enabled":true,"optInto":[],"optOutFrom":[]}
Info 06:14:03: Setting setActiveController for /mnt/storage/projects/fire-bot/src/TestingBayesianModel.ipynb
Info 06:14:03: KernelProvider switched kernel to id = .jvsc74a57bd0e61bcc248381d548af8531941b810b8cac47cfa9e13e6f1e2b6b38fb833aaed3./home/aadi/miniconda3/envs/fire-bot/python./home/aadi/miniconda3/envs/fire-bot/python.-m#ipykernel_launcher
Info 06:14:03: Starting Notebook in kernel.ts id = .jvsc74a57bd0e61bcc248381d548af8531941b810b8cac47cfa9e13e6f1e2b6b38fb833aaed3./home/aadi/miniconda3/envs/fire-bot/python./home/aadi/miniconda3/envs/fire-bot/python.-m#ipykernel_launcher
Info 06:14:03: Creating raw notebook for /mnt/storage/projects/fire-bot/src/TestingBayesianModel.ipynb
Info 06:14:03: Getting preferred kernel for /mnt/storage/projects/fire-bot/src/TestingBayesianModel.ipynb
Info 06:14:03: Computing working directory /mnt/storage/projects/fire-bot/src/TestingBayesianModel.ipynb
Info 06:14:03: Starting raw kernel fire-bot (Python 3.8.12)
Info 06:14:03: installMissingDependencies ~/miniconda3/envs/fire-bot/bin/python
Info 06:14:03: IPykernel found previously in this enviornment ~/miniconda3/envs/fire-bot/bin/python
Info 06:14:03: Kernel launching with ports 9000,9001,9002,9003,9004. Start port is 9000
Info 06:14:03: Launching kernel daemon for Python 3.8.12 64-bit ('fire-bot': conda) # ~/miniconda3/envs/fire-bot/bin/python
Info 06:14:04: Creating controller for jupyter-notebook with interpreter ~/miniconda3/envs/fire-bot/bin/python
Info 06:14:04: Process Execution: > ~/miniconda3/envs/fire-bot/bin/python -m pip list
> ~/miniconda3/envs/fire-bot/bin/python -m pip list
Info 06:14:04: Creating daemon process for ~/miniconda3/envs/fire-bot/bin/python with env variables count 84
Info 06:14:04: Process Execution: > ~/miniconda3/envs/fire-bot/bin/python -m vscode_datascience_helpers.daemon --daemon-module=vscode_datascience_helpers.kernel_launcher_daemon -v
> ~/miniconda3/envs/fire-bot/bin/python -m vscode_datascience_helpers.daemon --daemon-module=vscode_datascience_helpers.kernel_launcher_daemon -v
Info 06:14:04: Starting kernel from scratch
Info 06:14:04: Registering dummy command feature
Warn 06:14:04: StdErr from Kernel Process /home/aadi/miniconda3/envs/fire-bot/lib/python3.8/site-packages/traitlets/traitlets.py:2202: FutureWarning: Supporting extra quotes around strings is deprecated in traitlets 5.0. You can use 'hmac-sha256' instead of '"hmac-sha256"' if you require traitlets >=5.

Warn 06:14:04: StdErr from Kernel Process   warn(

Warn 06:14:04: StdErr from Kernel Process /home/aadi/miniconda3/envs/fire-bot/lib/python3.8/site-packages/traitlets/traitlets.py:2157: FutureWarning: Supporting extra quotes around Bytes is deprecated in traitlets 5.0. Use 'b065b97b-ea3d-4934-9790-9f0bc7984cde' instead of 'b"b065b97b-ea3d-4934-9790-9f0bc7984cde"'.

Warn 06:14:04: StdErr from Kernel Process   warn(

Info 06:14:04: Raw session started and connected
Started kernel fire-bot (Python 3.8.12)
Info 06:14:04: Finished connecting 516003ab-7776-4585-8d8e-8b590ce89f32
Info 06:14:04: UpdateWorkingDirectoryAndPath in Kernel
Info 06:14:04: changeDirectoryIfPossible
Info 06:14:04: Executing (status idle) silently Code = import os\nimport sys\n%cd "/mnt/storage/projects/fire-bot/src"\nif os.getcwd() not in sys.path:\nsy
Info 06:14:04: Executing silently Code (completed) = import os\nimport sys\n%cd "/mnt/storage/projects/fire-bot/src"\nif os.getcwd() not in sys.path:\nsy
Info 06:14:04: Executing (status idle) silently Code = %config Completer.use_jedi = False
Info 06:14:04: Executing silently Code (completed) = %config Completer.use_jedi = False
Info 06:14:04: Executing (status idle) silently Code = %config InlineBackend.figure_formats = ['png']
Info 06:14:04: Executing silently Code (completed) = %config InlineBackend.figure_formats = ['png']
Info 06:14:04: Executing (status idle) silently Code = import sys\nprint(sys.executable)
Info 06:14:04: Executing silently Code (completed) = import sys\nprint(sys.executable)
Info 06:14:04: Waiting for idle on (kernel): 55357d82-609b-40fa-98be-f34eef78e10b -> idle
Info 06:14:04: Finished waiting for idle on (kernel): 55357d82-609b-40fa-98be-f34eef78e10b -> idle
Info 06:14:04: IPyWidgetScriptSource.initialize
Info 06:14:14: Shutting down notebooks for 516003ab-7776-4585-8d8e-8b590ce89f32
Info 06:14:14: Disposing HostJupyterExecution 4d746f44-673f-4460-b3b2-4c94a4db2c9e
Info 06:14:14: Disposing super HostJupyterExecution 4d746f44-673f-4460-b3b2-4c94a4db2c9e
Info 06:14:14: Dispose kernel file:///mnt/storage/projects/fire-bot/src/TestingBayesianModel.ipynb
Info 06:14:14: Dispose Kernel process
Info 06:14:14: kill daemon
Info 06:14:14: Disposing HostJupyterExecution 4d746f44-673f-4460-b3b2-4c94a4db2c9e
Info 06:14:14: Finished disposing HostJupyterExecution  4d746f44-673f-4460-b3b2-4c94a4db2c9e
Info 06:14:14: Cleaning up server cache 4d746f44-673f-4460-b3b2-4c94a4db2c9e
Info 06:14:14: Finished disposing HostJupyterExecution  4d746f44-673f-4460-b3b2-4c94a4db2c9e
