[2021-12-03 06:13:55.512] [exthost] [info] Extension host with pid 471489 started
[2021-12-03 06:13:55.512] [exthost] [info] Skipping acquiring lock for /home/aadi/.config/Code - Insiders/User/workspaceStorage/bdf5c52af1663f33998adeb3313d44b0.
[2021-12-03 06:13:55.539] [exthost] [info] ExtensionService#_doActivateExtension vscode.microsoft-authentication, startup: false, activationEvent: 'onAuthenticationRequest:microsoft'
[2021-12-03 06:13:55.555] [exthost] [info] ExtensionService#_doActivateExtension vscode.ipynb, startup: false, activationEvent: 'onNotebook:jupyter-notebook}'
[2021-12-03 06:13:55.562] [exthost] [info] ExtensionService#_doActivateExtension vscode.debug-auto-launch, startup: true, activationEvent: '*'
[2021-12-03 06:13:55.563] [exthost] [info] ExtensionService#_doActivateExtension vscode.git-base, startup: true, activationEvent: '*', root cause: vscode.github
[2021-12-03 06:13:55.565] [exthost] [info] ExtensionService#_doActivateExtension vscodevim.vim, startup: true, activationEvent: '*'
[2021-12-03 06:13:55.656] [exthost] [info] ExtensionService#_doActivateExtension vscode.git, startup: true, activationEvent: '*'
[2021-12-03 06:13:55.688] [exthost] [info] ExtensionService#_doActivateExtension vscode.github, startup: true, activationEvent: '*'
[2021-12-03 06:13:55.732] [exthost] [info] Eager extensions activated
[2021-12-03 06:13:55.746] [exthost] [info] ExtensionService#_doActivateExtension vscode.emmet, startup: false, activationEvent: 'onStartupFinished'
[2021-12-03 06:13:55.757] [exthost] [info] ExtensionService#_doActivateExtension vscode.merge-conflict, startup: false, activationEvent: 'onStartupFinished'
[2021-12-03 06:13:55.759] [exthost] [info] ExtensionService#_doActivateExtension PKief.material-icon-theme, startup: false, activationEvent: 'onStartupFinished'
[2021-12-03 06:13:55.775] [exthost] [info] ExtensionService#_doActivateExtension ms-toolsai.jupyter, startup: false, activationEvent: 'onNotebook:jupyter-notebook'
[2021-12-03 06:13:55.909] [exthost] [info] ExtensionService#_doActivateExtension ms-toolsai.jupyter-renderers, startup: false, activationEvent: 'onNotebook:*'
[2021-12-03 06:13:55.911] [exthost] [info] ExtensionService#_doActivateExtension vscode.github-authentication, startup: false, activationEvent: 'onAuthenticationRequest:github'
[2021-12-03 06:13:55.982] [exthost] [info] ExtensionService#_doActivateExtension ms-python.python, startup: false, activationEvent: 'onLanguage:python', root cause: ms-python.vscode-pylance
[2021-12-03 06:13:56.126] [exthost] [info] extension host terminating: renderer closed the socket
[2021-12-03 06:13:56.222] [exthost] [error] ProxyResolver#resolveProxy Canceled: Canceled
    at Object.R [as canceled] (/opt/visual-studio-code-insiders/resources/app/out/vs/workbench/services/extensions/node/extensionHostProcess.js:5:1157)
    at t._remoteCall (/opt/visual-studio-code-insiders/resources/app/out/vs/workbench/services/extensions/node/extensionHostProcess.js:99:13876)
    at Proxy.O.<computed>.F.charCodeAt.O.<computed> (/opt/visual-studio-code-insiders/resources/app/out/vs/workbench/services/extensions/node/extensionHostProcess.js:99:10271)
    at u.resolveProxy (/opt/visual-studio-code-insiders/resources/app/out/vs/workbench/services/extensions/node/extensionHostProcess.js:99:39347)
    at Object.resolveProxy (/opt/visual-studio-code-insiders/resources/app/out/vs/workbench/services/extensions/node/extensionHostProcess.js:104:59719)
    at useProxySettings (/opt/visual-studio-code-insiders/resources/app/node_modules.asar/vscode-proxy-agent/out/index.js:159:16)
    at /opt/visual-studio-code-insiders/resources/app/node_modules.asar/vscode-proxy-agent/out/index.js:107:13
    at /opt/visual-studio-code-insiders/resources/app/node_modules.asar/vscode-proxy-agent/out/index.js:335:13
    at processTicksAndRejections (internal/process/task_queues.js:93:5) 
[2021-12-03 06:13:56.240] [exthost] [error] Error: ENOENT: no such file or directory, open '/home/aadi/.config/Code - Insiders/User/globalStorage/vscodevim.vim/.registers'
[2021-12-03 06:13:56.240] [exthost] [info] Extension host with pid 471489 exiting with code 0
