[2021-12-02 13:34:28.667] [exthost] [info] Extension host with pid 364560 started
[2021-12-02 13:34:28.667] [exthost] [info] Skipping acquiring lock for /home/aadi/.config/Code - Insiders/User/workspaceStorage/bdf5c52af1663f33998adeb3313d44b0.
[2021-12-02 13:34:28.686] [exthost] [info] ExtensionService#_doActivateExtension vscode.microsoft-authentication, startup: false, activationEvent: 'onAuthenticationRequest:microsoft'
[2021-12-02 13:34:28.703] [exthost] [info] ExtensionService#_doActivateExtension vscode.debug-auto-launch, startup: true, activationEvent: '*'
[2021-12-02 13:34:28.704] [exthost] [info] ExtensionService#_doActivateExtension vscode.git-base, startup: true, activationEvent: '*', root cause: vscode.github
[2021-12-02 13:34:28.717] [exthost] [info] ExtensionService#_doActivateExtension vscode.git, startup: true, activationEvent: '*'
[2021-12-02 13:34:28.748] [exthost] [info] ExtensionService#_doActivateExtension vscode.github, startup: true, activationEvent: '*'
[2021-12-02 13:34:28.781] [exthost] [info] Eager extensions activated
[2021-12-02 13:34:28.791] [exthost] [info] ExtensionService#_doActivateExtension vscode.emmet, startup: false, activationEvent: 'onStartupFinished'
[2021-12-02 13:34:28.798] [exthost] [info] ExtensionService#_doActivateExtension vscode.merge-conflict, startup: false, activationEvent: 'onStartupFinished'
[2021-12-02 13:34:28.800] [exthost] [info] ExtensionService#_doActivateExtension vscode.github-authentication, startup: false, activationEvent: 'onAuthenticationRequest:github'
[2021-12-02 13:35:10.753] [exthost] [info] ExtensionService#_doActivateExtension vscode.configuration-editing, startup: false, activationEvent: 'onLanguage:json'
[2021-12-02 13:35:10.761] [exthost] [info] ExtensionService#_doActivateExtension vscode.extension-editing, startup: false, activationEvent: 'onLanguage:json'
[2021-12-02 13:35:10.775] [exthost] [info] ExtensionService#_doActivateExtension vscode.json-language-features, startup: false, activationEvent: 'onLanguage:json'
[2021-12-02 13:35:10.811] [exthost] [info] ExtensionService#_doActivateExtension vscode.npm, startup: false, activationEvent: 'onLanguage:json'
[2021-12-02 13:35:11.031] [exthost] [info] ExtensionService#_doActivateExtension vscodevim.vim, startup: false, activationEvent: '*'
[2021-12-02 13:35:26.782] [exthost] [info] ExtensionService#_doActivateExtension ms-python.python, startup: false, activationEvent: 'onWalkthrough:pythonWelcome'
[2021-12-02 13:35:27.520] [exthost] [info] ExtensionService#_doActivateExtension ms-python.vscode-pylance, startup: false, activationEvent: 'api', root cause: ms-python.python
[2021-12-02 13:35:27.980] [exthost] [info] ExtensionService#_doActivateExtension vscode.typescript-language-features, startup: false, activationEvent: 'onLanguage:javascript'
[2021-12-02 13:35:29.380] [exthost] [info] ExtensionService#_doActivateExtension PKief.material-icon-theme, startup: false, activationEvent: 'onStartupFinished'
[2021-12-02 13:35:57.050] [exthost] [info] ExtensionService#_doActivateExtension vscode.ipynb, startup: false, activationEvent: 'onNotebook:jupyter-notebook}'
[2021-12-02 13:35:57.111] [exthost] [info] ExtensionService#_doActivateExtension ms-toolsai.jupyter, startup: false, activationEvent: 'onNotebook:jupyter-notebook'
[2021-12-02 13:35:57.263] [exthost] [info] ExtensionService#_doActivateExtension ms-toolsai.jupyter-renderers, startup: false, activationEvent: 'onNotebook:*'
[2021-12-02 13:35:58.847] [exthost] [error] [ms-toolsai.jupyter] provider FAILED
[2021-12-02 13:35:58.847] [exthost] [error] Canceled: Canceled
    at w.makeCancelError (/home/aadi/.vscode-insiders/extensions/ms-toolsai.jupyter-2021.11.1001529796/out/client/extension.js:16:176654)
    at w.handleFailedRequest (/home/aadi/.vscode-insiders/extensions/ms-toolsai.jupyter-2021.11.1001529796/out/client/extension.js:16:176505)
    at /home/aadi/.vscode-insiders/extensions/ms-toolsai.jupyter-2021.11.1001529796/out/client/extension.js:16:140439
    at h.provideDocumentHighlights (/opt/visual-studio-code-insiders/resources/app/out/vs/workbench/services/extensions/node/extensionHostProcess.js:95:91799)
[2021-12-02 13:37:18.871] [exthost] [error] [ms-toolsai.jupyter] provider FAILED
[2021-12-02 13:37:18.871] [exthost] [error] Canceled: Canceled
    at w.makeCancelError (/home/aadi/.vscode-insiders/extensions/ms-toolsai.jupyter-2021.11.1001529796/out/client/extension.js:16:176654)
    at w.handleFailedRequest (/home/aadi/.vscode-insiders/extensions/ms-toolsai.jupyter-2021.11.1001529796/out/client/extension.js:16:176505)
    at /home/aadi/.vscode-insiders/extensions/ms-toolsai.jupyter-2021.11.1001529796/out/client/extension.js:16:140439
    at h.provideDocumentHighlights (/opt/visual-studio-code-insiders/resources/app/out/vs/workbench/services/extensions/node/extensionHostProcess.js:95:91799)
[2021-12-02 13:37:18.872] [exthost] [error] [ms-toolsai.jupyter] provider FAILED
[2021-12-02 13:37:18.872] [exthost] [error] Canceled: Canceled
    at w.makeCancelError (/home/aadi/.vscode-insiders/extensions/ms-toolsai.jupyter-2021.11.1001529796/out/client/extension.js:16:176654)
    at w.handleFailedRequest (/home/aadi/.vscode-insiders/extensions/ms-toolsai.jupyter-2021.11.1001529796/out/client/extension.js:16:176505)
    at /home/aadi/.vscode-insiders/extensions/ms-toolsai.jupyter-2021.11.1001529796/out/client/extension.js:16:140439
    at h.provideDocumentHighlights (/opt/visual-studio-code-insiders/resources/app/out/vs/workbench/services/extensions/node/extensionHostProcess.js:95:91799)
[2021-12-02 13:37:39.140] [exthost] [error] [ms-toolsai.jupyter] provider FAILED
[2021-12-02 13:37:39.142] [exthost] [error] Canceled: Canceled
    at w.makeCancelError (/home/aadi/.vscode-insiders/extensions/ms-toolsai.jupyter-2021.11.1001529796/out/client/extension.js:16:176654)
    at w.handleFailedRequest (/home/aadi/.vscode-insiders/extensions/ms-toolsai.jupyter-2021.11.1001529796/out/client/extension.js:16:176505)
    at /home/aadi/.vscode-insiders/extensions/ms-toolsai.jupyter-2021.11.1001529796/out/client/extension.js:16:140439
    at h.provideDocumentHighlights (/opt/visual-studio-code-insiders/resources/app/out/vs/workbench/services/extensions/node/extensionHostProcess.js:95:91799)
[2021-12-02 13:37:39.145] [exthost] [error] [ms-toolsai.jupyter] provider FAILED
[2021-12-02 13:37:39.145] [exthost] [error] Canceled: Canceled
    at w.makeCancelError (/home/aadi/.vscode-insiders/extensions/ms-toolsai.jupyter-2021.11.1001529796/out/client/extension.js:16:176654)
    at w.handleFailedRequest (/home/aadi/.vscode-insiders/extensions/ms-toolsai.jupyter-2021.11.1001529796/out/client/extension.js:16:176505)
    at /home/aadi/.vscode-insiders/extensions/ms-toolsai.jupyter-2021.11.1001529796/out/client/extension.js:16:140439
    at h.provideDocumentHighlights (/opt/visual-studio-code-insiders/resources/app/out/vs/workbench/services/extensions/node/extensionHostProcess.js:95:91799)
[2021-12-02 13:37:39.190] [exthost] [error] [ms-toolsai.jupyter] provider FAILED
[2021-12-02 13:37:39.190] [exthost] [error] Canceled: Canceled
    at w.makeCancelError (/home/aadi/.vscode-insiders/extensions/ms-toolsai.jupyter-2021.11.1001529796/out/client/extension.js:16:176654)
    at w.handleFailedRequest (/home/aadi/.vscode-insiders/extensions/ms-toolsai.jupyter-2021.11.1001529796/out/client/extension.js:16:176505)
    at /home/aadi/.vscode-insiders/extensions/ms-toolsai.jupyter-2021.11.1001529796/out/client/extension.js:16:136055
    at z.resolveCompletionItem (/opt/visual-studio-code-insiders/resources/app/out/vs/workbench/services/extensions/node/extensionHostProcess.js:95:102113)
[2021-12-02 13:37:39.250] [exthost] [error] [ms-toolsai.jupyter] provider FAILED
[2021-12-02 13:37:39.250] [exthost] [error] Canceled: Canceled
    at w.makeCancelError (/home/aadi/.vscode-insiders/extensions/ms-toolsai.jupyter-2021.11.1001529796/out/client/extension.js:16:176654)
    at w.handleFailedRequest (/home/aadi/.vscode-insiders/extensions/ms-toolsai.jupyter-2021.11.1001529796/out/client/extension.js:16:176505)
    at /home/aadi/.vscode-insiders/extensions/ms-toolsai.jupyter-2021.11.1001529796/out/client/extension.js:16:136055
    at z.resolveCompletionItem (/opt/visual-studio-code-insiders/resources/app/out/vs/workbench/services/extensions/node/extensionHostProcess.js:95:102113)
[2021-12-02 13:37:39.270] [exthost] [error] [ms-toolsai.jupyter] provider FAILED
[2021-12-02 13:37:39.270] [exthost] [error] Canceled: Canceled
    at w.makeCancelError (/home/aadi/.vscode-insiders/extensions/ms-toolsai.jupyter-2021.11.1001529796/out/client/extension.js:16:176654)
    at w.handleFailedRequest (/home/aadi/.vscode-insiders/extensions/ms-toolsai.jupyter-2021.11.1001529796/out/client/extension.js:16:176505)
    at /home/aadi/.vscode-insiders/extensions/ms-toolsai.jupyter-2021.11.1001529796/out/client/extension.js:16:136055
    at z.resolveCompletionItem (/opt/visual-studio-code-insiders/resources/app/out/vs/workbench/services/extensions/node/extensionHostProcess.js:95:102113)
[2021-12-02 13:37:39.275] [exthost] [error] [ms-toolsai.jupyter] provider FAILED
[2021-12-02 13:37:39.275] [exthost] [error] Canceled: Canceled
    at w.makeCancelError (/home/aadi/.vscode-insiders/extensions/ms-toolsai.jupyter-2021.11.1001529796/out/client/extension.js:16:176654)
    at w.handleFailedRequest (/home/aadi/.vscode-insiders/extensions/ms-toolsai.jupyter-2021.11.1001529796/out/client/extension.js:16:176505)
    at /home/aadi/.vscode-insiders/extensions/ms-toolsai.jupyter-2021.11.1001529796/out/client/extension.js:16:140439
    at h.provideDocumentHighlights (/opt/visual-studio-code-insiders/resources/app/out/vs/workbench/services/extensions/node/extensionHostProcess.js:95:91799)
[2021-12-02 13:37:42.814] [exthost] [error] [ms-toolsai.jupyter] provider FAILED
[2021-12-02 13:37:42.814] [exthost] [error] Canceled: Canceled
    at w.makeCancelError (/home/aadi/.vscode-insiders/extensions/ms-toolsai.jupyter-2021.11.1001529796/out/client/extension.js:16:176654)
    at w.handleFailedRequest (/home/aadi/.vscode-insiders/extensions/ms-toolsai.jupyter-2021.11.1001529796/out/client/extension.js:16:176505)
    at /home/aadi/.vscode-insiders/extensions/ms-toolsai.jupyter-2021.11.1001529796/out/client/extension.js:16:140439
    at h.provideDocumentHighlights (/opt/visual-studio-code-insiders/resources/app/out/vs/workbench/services/extensions/node/extensionHostProcess.js:95:91799)
[2021-12-02 13:37:42.819] [exthost] [error] [ms-toolsai.jupyter] provider FAILED
[2021-12-02 13:37:42.819] [exthost] [error] Canceled: Canceled
    at w.makeCancelError (/home/aadi/.vscode-insiders/extensions/ms-toolsai.jupyter-2021.11.1001529796/out/client/extension.js:16:176654)
    at w.handleFailedRequest (/home/aadi/.vscode-insiders/extensions/ms-toolsai.jupyter-2021.11.1001529796/out/client/extension.js:16:176505)
    at /home/aadi/.vscode-insiders/extensions/ms-toolsai.jupyter-2021.11.1001529796/out/client/extension.js:16:140439
    at h.provideDocumentHighlights (/opt/visual-studio-code-insiders/resources/app/out/vs/workbench/services/extensions/node/extensionHostProcess.js:95:91799)
[2021-12-02 13:38:13.917] [exthost] [error] [ms-toolsai.jupyter] provider FAILED
[2021-12-02 13:38:13.917] [exthost] [error] Canceled: Canceled
    at w.makeCancelError (/home/aadi/.vscode-insiders/extensions/ms-toolsai.jupyter-2021.11.1001529796/out/client/extension.js:16:176654)
    at w.handleFailedRequest (/home/aadi/.vscode-insiders/extensions/ms-toolsai.jupyter-2021.11.1001529796/out/client/extension.js:16:176505)
    at /home/aadi/.vscode-insiders/extensions/ms-toolsai.jupyter-2021.11.1001529796/out/client/extension.js:16:140439
    at h.provideDocumentHighlights (/opt/visual-studio-code-insiders/resources/app/out/vs/workbench/services/extensions/node/extensionHostProcess.js:95:91799)
[2021-12-02 13:38:20.387] [exthost] [error] [ms-toolsai.jupyter] provider FAILED
[2021-12-02 13:38:20.387] [exthost] [error] Canceled: Canceled
    at w.makeCancelError (/home/aadi/.vscode-insiders/extensions/ms-toolsai.jupyter-2021.11.1001529796/out/client/extension.js:16:176654)
    at w.handleFailedRequest (/home/aadi/.vscode-insiders/extensions/ms-toolsai.jupyter-2021.11.1001529796/out/client/extension.js:16:176505)
    at /home/aadi/.vscode-insiders/extensions/ms-toolsai.jupyter-2021.11.1001529796/out/client/extension.js:16:140439
    at h.provideDocumentHighlights (/opt/visual-studio-code-insiders/resources/app/out/vs/workbench/services/extensions/node/extensionHostProcess.js:95:91799)
[2021-12-02 13:41:25.914] [exthost] [error] [ms-toolsai.jupyter] provider FAILED
[2021-12-02 13:41:25.918] [exthost] [error] Canceled: Canceled
    at w.makeCancelError (/home/aadi/.vscode-insiders/extensions/ms-toolsai.jupyter-2021.11.1001529796/out/client/extension.js:16:176654)
    at w.handleFailedRequest (/home/aadi/.vscode-insiders/extensions/ms-toolsai.jupyter-2021.11.1001529796/out/client/extension.js:16:176505)
    at /home/aadi/.vscode-insiders/extensions/ms-toolsai.jupyter-2021.11.1001529796/out/client/extension.js:16:136847
    at s.provideHover (/opt/visual-studio-code-insiders/resources/app/out/vs/workbench/services/extensions/node/extensionHostProcess.js:95:90873)
[2021-12-02 13:43:25.140] [exthost] [error] [ms-toolsai.jupyter] provider FAILED
[2021-12-02 13:43:25.140] [exthost] [error] Canceled: Canceled
    at w.makeCancelError (/home/aadi/.vscode-insiders/extensions/ms-toolsai.jupyter-2021.11.1001529796/out/client/extension.js:16:176654)
    at w.handleFailedRequest (/home/aadi/.vscode-insiders/extensions/ms-toolsai.jupyter-2021.11.1001529796/out/client/extension.js:16:176505)
    at /home/aadi/.vscode-insiders/extensions/ms-toolsai.jupyter-2021.11.1001529796/out/client/extension.js:16:140439
    at h.provideDocumentHighlights (/opt/visual-studio-code-insiders/resources/app/out/vs/workbench/services/extensions/node/extensionHostProcess.js:95:91799)
[2021-12-02 13:44:44.126] [exthost] [warning] ExtHostTextEditorOptions 'setCursorStyle' failed:'
[2021-12-02 13:44:44.126] [exthost] [warning] {"name":"DISPOSED","message":"TextEditor(vs.editor.ICodeEditor:6,$model268) has been disposed"}
[2021-12-02 13:44:44.517] [exthost] [warning] ExtHostTextEditorOptions 'setCursorStyle' failed:'
[2021-12-02 13:44:44.517] [exthost] [warning] {"name":"DISPOSED","message":"TextEditor(vs.editor.ICodeEditor:9,$model272) has been disposed"}
[2021-12-02 13:44:44.526] [exthost] [warning] ExtHostTextEditorOptions 'setCursorStyle' failed:'
[2021-12-02 13:44:44.526] [exthost] [warning] {"name":"DISPOSED","message":"TextEditor(vs.editor.ICodeEditor:5,$model287) has been disposed"}
[2021-12-02 13:44:48.996] [exthost] [error] [ms-toolsai.jupyter] provider FAILED
[2021-12-02 13:44:48.996] [exthost] [error] Canceled: Canceled
    at w.makeCancelError (/home/aadi/.vscode-insiders/extensions/ms-toolsai.jupyter-2021.11.1001529796/out/client/extension.js:16:176654)
    at w.handleFailedRequest (/home/aadi/.vscode-insiders/extensions/ms-toolsai.jupyter-2021.11.1001529796/out/client/extension.js:16:176505)
    at /home/aadi/.vscode-insiders/extensions/ms-toolsai.jupyter-2021.11.1001529796/out/client/extension.js:16:140439
    at h.provideDocumentHighlights (/opt/visual-studio-code-insiders/resources/app/out/vs/workbench/services/extensions/node/extensionHostProcess.js:95:91799)
[2021-12-02 13:45:44.012] [exthost] [error] [ms-toolsai.jupyter] provider FAILED
[2021-12-02 13:45:44.012] [exthost] [error] Canceled: Canceled
    at w.makeCancelError (/home/aadi/.vscode-insiders/extensions/ms-toolsai.jupyter-2021.11.1001529796/out/client/extension.js:16:176654)
    at w.handleFailedRequest (/home/aadi/.vscode-insiders/extensions/ms-toolsai.jupyter-2021.11.1001529796/out/client/extension.js:16:176505)
    at /home/aadi/.vscode-insiders/extensions/ms-toolsai.jupyter-2021.11.1001529796/out/client/extension.js:16:140439
    at h.provideDocumentHighlights (/opt/visual-studio-code-insiders/resources/app/out/vs/workbench/services/extensions/node/extensionHostProcess.js:95:91799)
[2021-12-02 13:45:49.598] [exthost] [error] [ms-toolsai.jupyter] provider FAILED
[2021-12-02 13:45:49.598] [exthost] [error] Canceled: Canceled
    at w.makeCancelError (/home/aadi/.vscode-insiders/extensions/ms-toolsai.jupyter-2021.11.1001529796/out/client/extension.js:16:176654)
    at w.handleFailedRequest (/home/aadi/.vscode-insiders/extensions/ms-toolsai.jupyter-2021.11.1001529796/out/client/extension.js:16:176505)
    at /home/aadi/.vscode-insiders/extensions/ms-toolsai.jupyter-2021.11.1001529796/out/client/extension.js:16:140439
    at h.provideDocumentHighlights (/opt/visual-studio-code-insiders/resources/app/out/vs/workbench/services/extensions/node/extensionHostProcess.js:95:91799)
[2021-12-02 13:47:39.760] [exthost] [error] [ms-toolsai.jupyter] provider FAILED
[2021-12-02 13:47:39.762] [exthost] [error] Canceled: Canceled
    at w.makeCancelError (/home/aadi/.vscode-insiders/extensions/ms-toolsai.jupyter-2021.11.1001529796/out/client/extension.js:16:176654)
    at w.handleFailedRequest (/home/aadi/.vscode-insiders/extensions/ms-toolsai.jupyter-2021.11.1001529796/out/client/extension.js:16:176505)
    at /home/aadi/.vscode-insiders/extensions/ms-toolsai.jupyter-2021.11.1001529796/out/client/extension.js:16:140439
    at h.provideDocumentHighlights (/opt/visual-studio-code-insiders/resources/app/out/vs/workbench/services/extensions/node/extensionHostProcess.js:95:91799)
[2021-12-02 13:47:40.631] [exthost] [error] [ms-toolsai.jupyter] provider FAILED
[2021-12-02 13:47:40.631] [exthost] [error] Canceled: Canceled
    at w.makeCancelError (/home/aadi/.vscode-insiders/extensions/ms-toolsai.jupyter-2021.11.1001529796/out/client/extension.js:16:176654)
    at w.handleFailedRequest (/home/aadi/.vscode-insiders/extensions/ms-toolsai.jupyter-2021.11.1001529796/out/client/extension.js:16:176505)
    at /home/aadi/.vscode-insiders/extensions/ms-toolsai.jupyter-2021.11.1001529796/out/client/extension.js:16:136055
    at z.resolveCompletionItem (/opt/visual-studio-code-insiders/resources/app/out/vs/workbench/services/extensions/node/extensionHostProcess.js:95:102113)
[2021-12-02 13:49:25.337] [exthost] [error] [ms-toolsai.jupyter] provider FAILED
[2021-12-02 13:49:25.342] [exthost] [error] Canceled: Canceled
    at w.makeCancelError (/home/aadi/.vscode-insiders/extensions/ms-toolsai.jupyter-2021.11.1001529796/out/client/extension.js:16:176654)
    at w.handleFailedRequest (/home/aadi/.vscode-insiders/extensions/ms-toolsai.jupyter-2021.11.1001529796/out/client/extension.js:16:176505)
    at /home/aadi/.vscode-insiders/extensions/ms-toolsai.jupyter-2021.11.1001529796/out/client/extension.js:16:140439
    at h.provideDocumentHighlights (/opt/visual-studio-code-insiders/resources/app/out/vs/workbench/services/extensions/node/extensionHostProcess.js:95:91799)
[2021-12-02 13:51:19.673] [exthost] [error] [ms-toolsai.jupyter] provider FAILED
[2021-12-02 13:51:19.673] [exthost] [error] Canceled: Canceled
    at w.makeCancelError (/home/aadi/.vscode-insiders/extensions/ms-toolsai.jupyter-2021.11.1001529796/out/client/extension.js:16:176654)
    at w.handleFailedRequest (/home/aadi/.vscode-insiders/extensions/ms-toolsai.jupyter-2021.11.1001529796/out/client/extension.js:16:176505)
    at /home/aadi/.vscode-insiders/extensions/ms-toolsai.jupyter-2021.11.1001529796/out/client/extension.js:16:140439
    at h.provideDocumentHighlights (/opt/visual-studio-code-insiders/resources/app/out/vs/workbench/services/extensions/node/extensionHostProcess.js:95:91799)
[2021-12-02 13:51:56.869] [exthost] [error] [ms-toolsai.jupyter] provider FAILED
[2021-12-02 13:51:56.869] [exthost] [error] Canceled: Canceled
    at w.makeCancelError (/home/aadi/.vscode-insiders/extensions/ms-toolsai.jupyter-2021.11.1001529796/out/client/extension.js:16:176654)
    at w.handleFailedRequest (/home/aadi/.vscode-insiders/extensions/ms-toolsai.jupyter-2021.11.1001529796/out/client/extension.js:16:176505)
    at /home/aadi/.vscode-insiders/extensions/ms-toolsai.jupyter-2021.11.1001529796/out/client/extension.js:16:140439
    at h.provideDocumentHighlights (/opt/visual-studio-code-insiders/resources/app/out/vs/workbench/services/extensions/node/extensionHostProcess.js:95:91799)
[2021-12-02 13:51:58.749] [exthost] [error] [ms-toolsai.jupyter] provider FAILED
[2021-12-02 13:51:58.749] [exthost] [error] Canceled: Canceled
    at w.makeCancelError (/home/aadi/.vscode-insiders/extensions/ms-toolsai.jupyter-2021.11.1001529796/out/client/extension.js:16:176654)
    at w.handleFailedRequest (/home/aadi/.vscode-insiders/extensions/ms-toolsai.jupyter-2021.11.1001529796/out/client/extension.js:16:176505)
    at /home/aadi/.vscode-insiders/extensions/ms-toolsai.jupyter-2021.11.1001529796/out/client/extension.js:16:140439
    at h.provideDocumentHighlights (/opt/visual-studio-code-insiders/resources/app/out/vs/workbench/services/extensions/node/extensionHostProcess.js:95:91799)
[2021-12-02 13:51:58.763] [exthost] [error] [ms-toolsai.jupyter] provider FAILED
[2021-12-02 13:51:58.763] [exthost] [error] Canceled: Canceled
    at w.makeCancelError (/home/aadi/.vscode-insiders/extensions/ms-toolsai.jupyter-2021.11.1001529796/out/client/extension.js:16:176654)
    at w.handleFailedRequest (/home/aadi/.vscode-insiders/extensions/ms-toolsai.jupyter-2021.11.1001529796/out/client/extension.js:16:176505)
    at /home/aadi/.vscode-insiders/extensions/ms-toolsai.jupyter-2021.11.1001529796/out/client/extension.js:16:140439
    at h.provideDocumentHighlights (/opt/visual-studio-code-insiders/resources/app/out/vs/workbench/services/extensions/node/extensionHostProcess.js:95:91799)
[2021-12-02 13:51:58.773] [exthost] [error] [ms-toolsai.jupyter] provider FAILED
[2021-12-02 13:51:58.773] [exthost] [error] Canceled: Canceled
    at w.makeCancelError (/home/aadi/.vscode-insiders/extensions/ms-toolsai.jupyter-2021.11.1001529796/out/client/extension.js:16:176654)
    at w.handleFailedRequest (/home/aadi/.vscode-insiders/extensions/ms-toolsai.jupyter-2021.11.1001529796/out/client/extension.js:16:176505)
    at /home/aadi/.vscode-insiders/extensions/ms-toolsai.jupyter-2021.11.1001529796/out/client/extension.js:16:140439
    at h.provideDocumentHighlights (/opt/visual-studio-code-insiders/resources/app/out/vs/workbench/services/extensions/node/extensionHostProcess.js:95:91799)
[2021-12-02 13:51:58.784] [exthost] [error] [ms-toolsai.jupyter] provider FAILED
[2021-12-02 13:51:58.784] [exthost] [error] Canceled: Canceled
    at w.makeCancelError (/home/aadi/.vscode-insiders/extensions/ms-toolsai.jupyter-2021.11.1001529796/out/client/extension.js:16:176654)
    at w.handleFailedRequest (/home/aadi/.vscode-insiders/extensions/ms-toolsai.jupyter-2021.11.1001529796/out/client/extension.js:16:176505)
    at /home/aadi/.vscode-insiders/extensions/ms-toolsai.jupyter-2021.11.1001529796/out/client/extension.js:16:140439
    at h.provideDocumentHighlights (/opt/visual-studio-code-insiders/resources/app/out/vs/workbench/services/extensions/node/extensionHostProcess.js:95:91799)
[2021-12-02 13:51:58.793] [exthost] [error] [ms-toolsai.jupyter] provider FAILED
[2021-12-02 13:51:58.793] [exthost] [error] Canceled: Canceled
    at w.makeCancelError (/home/aadi/.vscode-insiders/extensions/ms-toolsai.jupyter-2021.11.1001529796/out/client/extension.js:16:176654)
    at w.handleFailedRequest (/home/aadi/.vscode-insiders/extensions/ms-toolsai.jupyter-2021.11.1001529796/out/client/extension.js:16:176505)
    at /home/aadi/.vscode-insiders/extensions/ms-toolsai.jupyter-2021.11.1001529796/out/client/extension.js:16:140439
    at h.provideDocumentHighlights (/opt/visual-studio-code-insiders/resources/app/out/vs/workbench/services/extensions/node/extensionHostProcess.js:95:91799)
[2021-12-02 13:53:04.005] [exthost] [info] ExtensionService#_doActivateExtension vscode.markdown-language-features, startup: false, activationEvent: 'onLanguage:markdown'
[2021-12-02 13:53:04.376] [exthost] [info] ExtensionService#_doActivateExtension vscode.markdown-math, startup: false, activationEvent: 'api', root cause: vscode.markdown-language-features
[2021-12-02 13:56:25.020] [exthost] [info] extension host terminating: renderer closed the socket
[2021-12-02 13:56:25.041] [exthost] [error] TypeError: r.some is not a function
    at Function.saveToDisk (/home/aadi/.vscode-insiders/extensions/vscodevim.vim-1.21.10/src/register/register.ts:350:30)
    at Object.e.deactivate (/home/aadi/.vscode-insiders/extensions/vscodevim.vim-1.21.10/extension.ts:37:18)
    at v._deactivate (/opt/visual-studio-code-insiders/resources/app/out/vs/workbench/services/extensions/node/extensionHostProcess.js:100:11509)
    at /opt/visual-studio-code-insiders/resources/app/out/vs/workbench/services/extensions/node/extensionHostProcess.js:100:10057
    at Array.map (<anonymous>)
    at v.deactivateAll (/opt/visual-studio-code-insiders/resources/app/out/vs/workbench/services/extensions/node/extensionHostProcess.js:100:10045)
    at p.terminate (/opt/visual-studio-code-insiders/resources/app/out/vs/workbench/services/extensions/node/extensionHostProcess.js:104:735)
    at r (/opt/visual-studio-code-insiders/resources/app/out/vs/workbench/services/extensions/node/extensionHostProcess.js:114:36400)
    at Socket.<anonymous> (/opt/visual-studio-code-insiders/resources/app/out/vs/workbench/services/extensions/node/extensionHostProcess.js:114:34012)
    at Socket.emit (events.js:327:22)
    at Pipe.<anonymous> (net.js:673:12)
[2021-12-02 13:56:26.034] [exthost] [info] Extension host with pid 364560 exiting with code 0
