Validating found git in: git
Using git 2.34.0 from git
> git rev-parse --git-dir
Open repository: /mnt/storage/projects/data-science-syllabus
> git status -z -u
Opening repository for path='/home/aadi/projects/data-science-syllabus/notebooks/ThinkBayes/chap01.ipynb' failed; ex=Error: spawn ENOTDIR
Opening repository for path='/home/aadi/projects/data-science-syllabus/notebooks/ThinkBayes/chap02.ipynb' failed; ex=Error: spawn ENOTDIR
Opening repository for path='/home/aadi/projects/data-science-syllabus/notebooks/ThinkBayes/chap03.ipynb' failed; ex=Error: spawn ENOTDIR
Opening repository for path='/home/aadi/projects/data-science-syllabus/notebooks/ThinkBayes/chap04.ipynb' failed; ex=Error: spawn ENOTDIR
Opening repository for path='/home/aadi/projects/data-science-syllabus/notebooks/ThinkBayes/chap05.ipynb' failed; ex=Error: spawn ENOTDIR
Opening repository for path='/home/aadi/projects/data-science-syllabus/notebooks/ThinkBayes/chap06.ipynb' failed; ex=Error: spawn ENOTDIR
Opening repository for path='/home/aadi/projects/data-science-syllabus/notebooks/ThinkBayes/chap07.ipynb' failed; ex=Error: spawn ENOTDIR
Opening repository for path='/home/aadi/projects/data-science-syllabus/notebooks/ThinkBayes/chap08.ipynb' failed; ex=Error: spawn ENOTDIR
Opening repository for path='/home/aadi/projects/data-science-syllabus/notebooks/ThinkBayes/chap09.ipynb' failed; ex=Error: spawn ENOTDIR
Opening repository for path='/home/aadi/projects/data-science-syllabus/notebooks/ThinkBayes/chap10.ipynb' failed; ex=Error: spawn ENOTDIR
Opening repository for path='/home/aadi/projects/data-science-syllabus/notebooks/ThinkBayes/chap11.ipynb' failed; ex=Error: spawn ENOTDIR
Opening repository for path='/home/aadi/projects/data-science-syllabus/notebooks/ThinkBayes/chap12.ipynb' failed; ex=Error: spawn ENOTDIR
Opening repository for path='/home/aadi/projects/data-science-syllabus/notebooks/ThinkBayes/chap13.ipynb' failed; ex=Error: spawn ENOTDIR
Opening repository for path='/home/aadi/projects/data-science-syllabus/notebooks/ThinkBayes/chap14.ipynb' failed; ex=Error: spawn ENOTDIR
Opening repository for path='/home/aadi/projects/data-science-syllabus/notebooks/ThinkBayes/chap15.ipynb' failed; ex=Error: spawn ENOTDIR
Opening repository for path='/home/aadi/projects/data-science-syllabus/notebooks/ThinkBayes/chap16.ipynb' failed; ex=Error: spawn ENOTDIR
Opening repository for path='/home/aadi/projects/data-science-syllabus/notebooks/ThinkBayes/chap17.ipynb' failed; ex=Error: spawn ENOTDIR
Opening repository for path='/home/aadi/projects/data-science-syllabus/notebooks/ThinkBayes/chap18.ipynb' failed; ex=Error: spawn ENOTDIR
Opening repository for path='/home/aadi/projects/data-science-syllabus/notebooks/ThinkBayes/chap19.ipynb' failed; ex=Error: spawn ENOTDIR
Opening repository for path='/home/aadi/projects/data-science-syllabus/notebooks/ThinkBayes/chap20.ipynb' failed; ex=Error: spawn ENOTDIR
Opening repository for path='/home/aadi/projects/data-science-syllabus/notebooks/ThinkBayes/environment.yml' failed; ex=Error: spawn ENOTDIR
Opening repository for path='/home/aadi/projects/data-science-syllabus/notebooks/ThinkBayes/gss_bayes.csv' failed; ex=Error: spawn ENOTDIR
Opening repository for path='/home/aadi/projects/data-science-syllabus/notebooks/ThinkBayes/utils.py' failed; ex=Error: spawn ENOTDIR
> git symbolic-ref --short HEAD
> git for-each-ref --format=%(refname)%00%(upstream:short)%00%(objectname)%00%(upstream:track) refs/heads/main refs/remotes/main
> git for-each-ref --sort -committerdate --format %(refname) %(objectname) %(*objectname)
> git remote --verbose
> git config --get commit.template
