[Info  - 6:14:39 AM] Pylance language server 2021.11.2 (pyright b27108d5) starting
[Info  - 6:14:39 AM] Server root directory: /home/aadi/.vscode-insiders/extensions/ms-python.vscode-pylance-2021.11.2/dist
[Info  - 6:14:39 AM] No configuration file found.
[Info  - 6:14:39 AM] No pyproject.toml file found.
[Info  - 6:14:39 AM] Setting pythonPath for service "ThinkBayes": "/bin/python"
[Warn  - 6:14:39 AM] stubPath /home/aadi/projects/data-science-syllabus/notebooks/ThinkBayes/typings is not a valid directory.
[Info  - 6:14:39 AM] Assuming Python version 3.9
[Info  - 6:14:39 AM] Assuming Python platform Linux
[Warn  - 6:14:40 AM] Exception received when installing file system watcher: TypeError [ERR_FEATURE_UNAVAILABLE_ON_PLATFORM]: The feature watch recursively is unavailable on the current platform, which is being used to run Node.js
[Warn  - 6:14:40 AM] Exception received when installing file system watcher: TypeError [ERR_FEATURE_UNAVAILABLE_ON_PLATFORM]: The feature watch recursively is unavailable on the current platform, which is being used to run Node.js
[Warn  - 6:14:40 AM] Exception received when installing file system watcher: TypeError [ERR_FEATURE_UNAVAILABLE_ON_PLATFORM]: The feature watch recursively is unavailable on the current platform, which is being used to run Node.js
[Warn  - 6:14:40 AM] Exception received when installing file system watcher: TypeError [ERR_FEATURE_UNAVAILABLE_ON_PLATFORM]: The feature watch recursively is unavailable on the current platform, which is being used to run Node.js
[Info  - 6:14:40 AM] Searching for source files
[Info  - 6:14:40 AM] Found 1 source file
[Info  - 6:14:40 AM] Background analysis(1) root directory: /home/aadi/.vscode-insiders/extensions/ms-python.vscode-pylance-2021.11.2/dist
[Info  - 6:14:40 AM] Background analysis(1) started
[Info  - 6:19:46 AM] No configuration file found.
[Info  - 6:19:46 AM] No pyproject.toml file found.
[Info  - 6:19:47 AM] Setting pythonPath for service "ThinkBayes": "/bin/python"
[Warn  - 6:19:47 AM] stubPath /home/aadi/projects/data-science-syllabus/notebooks/ThinkBayes/typings is not a valid directory.
[Info  - 6:19:47 AM] Assuming Python version 3.9
[Info  - 6:19:47 AM] Assuming Python platform Linux
[Warn  - 6:19:47 AM] Exception received when installing file system watcher: TypeError [ERR_FEATURE_UNAVAILABLE_ON_PLATFORM]: The feature watch recursively is unavailable on the current platform, which is being used to run Node.js
[Warn  - 6:19:47 AM] Exception received when installing file system watcher: TypeError [ERR_FEATURE_UNAVAILABLE_ON_PLATFORM]: The feature watch recursively is unavailable on the current platform, which is being used to run Node.js
[Warn  - 6:19:47 AM] Exception received when installing file system watcher: TypeError [ERR_FEATURE_UNAVAILABLE_ON_PLATFORM]: The feature watch recursively is unavailable on the current platform, which is being used to run Node.js
[Warn  - 6:19:47 AM] Exception received when installing file system watcher: TypeError [ERR_FEATURE_UNAVAILABLE_ON_PLATFORM]: The feature watch recursively is unavailable on the current platform, which is being used to run Node.js
[Info  - 6:19:47 AM] Searching for source files
[Info  - 6:19:47 AM] Found 1 source file
