[2021-12-03 13:04:52.417] [exthost] [info] Extension host with pid 754516 started
[2021-12-03 13:04:52.418] [exthost] [info] Skipping acquiring lock for /home/aadi/.config/Code - Insiders/User/workspaceStorage/528b3dbe2788582332d44cb2d8ebad32.
[2021-12-03 13:04:52.459] [exthost] [info] ExtensionService#_doActivateExtension vscode.microsoft-authentication, startup: false, activationEvent: 'onAuthenticationRequest:microsoft'
[2021-12-03 13:04:52.475] [exthost] [info] ExtensionService#_doActivateExtension ms-python.python, startup: false, activationEvent: 'onLanguage:python', root cause: ms-python.vscode-pylance
[2021-12-03 13:04:52.566] [exthost] [info] ExtensionService#_doActivateExtension ms-toolsai.jupyter, startup: false, activationEvent: 'onLanguage:python'
[2021-12-03 13:04:52.629] [exthost] [info] ExtensionService#_doActivateExtension vscode.debug-auto-launch, startup: true, activationEvent: '*'
[2021-12-03 13:04:52.630] [exthost] [info] ExtensionService#_doActivateExtension vscode.git-base, startup: true, activationEvent: '*', root cause: vscode.github
[2021-12-03 13:04:52.633] [exthost] [info] ExtensionService#_doActivateExtension vscodevim.vim, startup: true, activationEvent: '*'
[2021-12-03 13:04:52.698] [exthost] [info] ExtensionService#_doActivateExtension vscode.git, startup: true, activationEvent: '*'
[2021-12-03 13:04:52.709] [exthost] [info] ExtensionService#_doActivateExtension vscode.github, startup: true, activationEvent: '*'
[2021-12-03 13:04:52.843] [exthost] [info] ExtensionService#_doActivateExtension ms-toolsai.jupyter-renderers, startup: false, activationEvent: 'api', root cause: ms-toolsai.jupyter
[2021-12-03 13:04:52.879] [exthost] [info] Eager extensions activated
[2021-12-03 13:04:52.881] [exthost] [info] ExtensionService#_doActivateExtension ms-python.vscode-pylance, startup: false, activationEvent: 'onLanguage:python'
[2021-12-03 13:04:52.951] [exthost] [info] ExtensionService#_doActivateExtension vscode.emmet, startup: false, activationEvent: 'onStartupFinished'
[2021-12-03 13:04:52.954] [exthost] [info] ExtensionService#_doActivateExtension vscode.merge-conflict, startup: false, activationEvent: 'onStartupFinished'
[2021-12-03 13:04:52.955] [exthost] [info] ExtensionService#_doActivateExtension PKief.material-icon-theme, startup: false, activationEvent: 'onStartupFinished'
[2021-12-03 13:04:52.969] [exthost] [info] ExtensionService#_doActivateExtension vscode.github-authentication, startup: false, activationEvent: 'onAuthenticationRequest:github'
[2021-12-03 13:05:22.968] [exthost] [error] [ms-python.python] provider FAILED
[2021-12-03 13:05:22.968] [exthost] [error] TypeError: Cannot read property 'length' of undefined
    at /home/aadi/.vscode-insiders/extensions/ms-python.python-2021.12.1522449417-dev/out/client/extension.js:67:257359
    at p (/home/aadi/.vscode-insiders/extensions/ms-python.python-2021.12.1522449417-dev/out/client/extension.js:67:262355)
    at z.provideCompletionItems (/opt/visual-studio-code-insiders/resources/app/out/vs/workbench/services/extensions/node/extensionHostProcess.js:95:101392)
[2021-12-03 13:05:24.080] [exthost] [error] [ms-python.python] provider FAILED
[2021-12-03 13:05:24.080] [exthost] [error] Canceled: Canceled
    at S.makeCancelError (/home/aadi/.vscode-insiders/extensions/ms-python.python-2021.12.1522449417-dev/out/client/extension.js:24:159824)
    at S.handleFailedRequest (/home/aadi/.vscode-insiders/extensions/ms-python.python-2021.12.1522449417-dev/out/client/extension.js:24:159675)
    at /home/aadi/.vscode-insiders/extensions/ms-python.python-2021.12.1522449417-dev/out/client/extension.js:24:127536
    at I.provideCodeActions (/opt/visual-studio-code-insiders/resources/app/out/vs/workbench/services/extensions/node/extensionHostProcess.js:95:93155)
[2021-12-03 13:05:41.391] [exthost] [error] [ms-python.python] provider FAILED
[2021-12-03 13:05:41.391] [exthost] [error] Error: name must not be falsy
    at Function.validate (/opt/visual-studio-code-insiders/resources/app/out/vs/workbench/services/extensions/node/extensionHostProcess.js:86:30557)
    at new t (/opt/visual-studio-code-insiders/resources/app/out/vs/workbench/services/extensions/node/extensionHostProcess.js:86:30506)
    at new t (/opt/visual-studio-code-insiders/resources/app/out/vs/workbench/services/extensions/node/extensionHostProcess.js:86:17301)
    at B (/home/aadi/.vscode-insiders/extensions/ms-python.python-2021.12.1522449417-dev/out/client/extension.js:67:215318)
    at Array.map (<anonymous>)
    at Object.asDocumentSymbols (/home/aadi/.vscode-insiders/extensions/ms-python.python-2021.12.1522449417-dev/out/client/extension.js:67:220656)
    at /home/aadi/.vscode-insiders/extensions/ms-python.python-2021.12.1522449417-dev/out/client/extension.js:24:124585
    at o.provideDocumentSymbols (/opt/visual-studio-code-insiders/resources/app/out/vs/workbench/services/extensions/node/extensionHostProcess.js:95:87701)
[2021-12-03 13:05:45.664] [exthost] [error] [ms-python.python] provider FAILED
[2021-12-03 13:05:45.664] [exthost] [error] Canceled: Canceled
    at S.makeCancelError (/home/aadi/.vscode-insiders/extensions/ms-python.python-2021.12.1522449417-dev/out/client/extension.js:24:159824)
    at S.handleFailedRequest (/home/aadi/.vscode-insiders/extensions/ms-python.python-2021.12.1522449417-dev/out/client/extension.js:24:159675)
    at /home/aadi/.vscode-insiders/extensions/ms-python.python-2021.12.1522449417-dev/out/client/extension.js:24:123609
    at h.provideDocumentHighlights (/opt/visual-studio-code-insiders/resources/app/out/vs/workbench/services/extensions/node/extensionHostProcess.js:95:91799)
[2021-12-03 13:08:20.550] [exthost] [error] [ms-python.python] provider FAILED
[2021-12-03 13:08:20.550] [exthost] [error] Canceled: Canceled
    at S.makeCancelError (/home/aadi/.vscode-insiders/extensions/ms-python.python-2021.12.1522449417-dev/out/client/extension.js:24:159824)
    at S.handleFailedRequest (/home/aadi/.vscode-insiders/extensions/ms-python.python-2021.12.1522449417-dev/out/client/extension.js:24:159675)
    at /home/aadi/.vscode-insiders/extensions/ms-python.python-2021.12.1522449417-dev/out/client/extension.js:24:127536
    at I.provideCodeActions (/opt/visual-studio-code-insiders/resources/app/out/vs/workbench/services/extensions/node/extensionHostProcess.js:95:93155)
[2021-12-03 13:10:25.146] [exthost] [error] [ms-python.python] provider FAILED
[2021-12-03 13:10:25.146] [exthost] [error] Canceled: Canceled
    at S.makeCancelError (/home/aadi/.vscode-insiders/extensions/ms-python.python-2021.12.1522449417-dev/out/client/extension.js:24:159824)
    at S.handleFailedRequest (/home/aadi/.vscode-insiders/extensions/ms-python.python-2021.12.1522449417-dev/out/client/extension.js:24:159675)
    at /home/aadi/.vscode-insiders/extensions/ms-python.python-2021.12.1522449417-dev/out/client/extension.js:24:123609
    at h.provideDocumentHighlights (/opt/visual-studio-code-insiders/resources/app/out/vs/workbench/services/extensions/node/extensionHostProcess.js:95:91799)
[2021-12-03 13:10:25.150] [exthost] [error] [ms-python.python] provider FAILED
[2021-12-03 13:10:25.150] [exthost] [error] Canceled: Canceled
    at S.makeCancelError (/home/aadi/.vscode-insiders/extensions/ms-python.python-2021.12.1522449417-dev/out/client/extension.js:24:159824)
    at S.handleFailedRequest (/home/aadi/.vscode-insiders/extensions/ms-python.python-2021.12.1522449417-dev/out/client/extension.js:24:159675)
    at /home/aadi/.vscode-insiders/extensions/ms-python.python-2021.12.1522449417-dev/out/client/extension.js:24:123609
    at h.provideDocumentHighlights (/opt/visual-studio-code-insiders/resources/app/out/vs/workbench/services/extensions/node/extensionHostProcess.js:95:91799)
[2021-12-03 13:10:25.373] [exthost] [error] [ms-python.python] provider FAILED
[2021-12-03 13:10:25.373] [exthost] [error] Canceled: Canceled
    at S.makeCancelError (/home/aadi/.vscode-insiders/extensions/ms-python.python-2021.12.1522449417-dev/out/client/extension.js:24:159824)
    at S.handleFailedRequest (/home/aadi/.vscode-insiders/extensions/ms-python.python-2021.12.1522449417-dev/out/client/extension.js:24:159675)
    at /home/aadi/.vscode-insiders/extensions/ms-python.python-2021.12.1522449417-dev/out/client/extension.js:24:123609
    at h.provideDocumentHighlights (/opt/visual-studio-code-insiders/resources/app/out/vs/workbench/services/extensions/node/extensionHostProcess.js:95:91799)
[2021-12-03 13:11:06.808] [exthost] [error] [ms-python.python] provider FAILED
[2021-12-03 13:11:06.808] [exthost] [error] TypeError: Cannot read property 'length' of undefined
    at /home/aadi/.vscode-insiders/extensions/ms-python.python-2021.12.1522449417-dev/out/client/extension.js:67:257359
    at p (/home/aadi/.vscode-insiders/extensions/ms-python.python-2021.12.1522449417-dev/out/client/extension.js:67:262355)
    at z.provideCompletionItems (/opt/visual-studio-code-insiders/resources/app/out/vs/workbench/services/extensions/node/extensionHostProcess.js:95:101392)
[2021-12-03 13:11:07.049] [exthost] [error] [ms-python.python] provider FAILED
[2021-12-03 13:11:07.049] [exthost] [error] Canceled: Canceled
    at S.makeCancelError (/home/aadi/.vscode-insiders/extensions/ms-python.python-2021.12.1522449417-dev/out/client/extension.js:24:159824)
    at S.handleFailedRequest (/home/aadi/.vscode-insiders/extensions/ms-python.python-2021.12.1522449417-dev/out/client/extension.js:24:159675)
    at /home/aadi/.vscode-insiders/extensions/ms-python.python-2021.12.1522449417-dev/out/client/extension.js:24:123609
    at h.provideDocumentHighlights (/opt/visual-studio-code-insiders/resources/app/out/vs/workbench/services/extensions/node/extensionHostProcess.js:95:91799)
[2021-12-03 13:11:11.822] [exthost] [error] [ms-python.python] provider FAILED
[2021-12-03 13:11:11.822] [exthost] [error] Canceled: Canceled
    at S.makeCancelError (/home/aadi/.vscode-insiders/extensions/ms-python.python-2021.12.1522449417-dev/out/client/extension.js:24:159824)
    at S.handleFailedRequest (/home/aadi/.vscode-insiders/extensions/ms-python.python-2021.12.1522449417-dev/out/client/extension.js:24:159675)
    at /home/aadi/.vscode-insiders/extensions/ms-python.python-2021.12.1522449417-dev/out/client/extension.js:24:127536
    at I.provideCodeActions (/opt/visual-studio-code-insiders/resources/app/out/vs/workbench/services/extensions/node/extensionHostProcess.js:95:93155)
[2021-12-03 13:11:21.833] [exthost] [error] [ms-python.python] provider FAILED
[2021-12-03 13:11:21.833] [exthost] [error] Canceled: Canceled
    at S.makeCancelError (/home/aadi/.vscode-insiders/extensions/ms-python.python-2021.12.1522449417-dev/out/client/extension.js:24:159824)
    at S.handleFailedRequest (/home/aadi/.vscode-insiders/extensions/ms-python.python-2021.12.1522449417-dev/out/client/extension.js:24:159675)
    at /home/aadi/.vscode-insiders/extensions/ms-python.python-2021.12.1522449417-dev/out/client/extension.js:24:123609
    at h.provideDocumentHighlights (/opt/visual-studio-code-insiders/resources/app/out/vs/workbench/services/extensions/node/extensionHostProcess.js:95:91799)
[2021-12-03 13:12:03.302] [exthost] [error] [ms-python.python] provider FAILED
[2021-12-03 13:12:03.302] [exthost] [error] Canceled: Canceled
    at S.makeCancelError (/home/aadi/.vscode-insiders/extensions/ms-python.python-2021.12.1522449417-dev/out/client/extension.js:24:159824)
    at S.handleFailedRequest (/home/aadi/.vscode-insiders/extensions/ms-python.python-2021.12.1522449417-dev/out/client/extension.js:24:159675)
    at /home/aadi/.vscode-insiders/extensions/ms-python.python-2021.12.1522449417-dev/out/client/extension.js:24:127536
    at I.provideCodeActions (/opt/visual-studio-code-insiders/resources/app/out/vs/workbench/services/extensions/node/extensionHostProcess.js:95:93155)
[2021-12-03 13:16:21.506] [exthost] [error] [ms-python.python] provider FAILED
[2021-12-03 13:16:21.507] [exthost] [error] TypeError: Cannot read property 'length' of undefined
    at /home/aadi/.vscode-insiders/extensions/ms-python.python-2021.12.1522449417-dev/out/client/extension.js:67:257359
    at p (/home/aadi/.vscode-insiders/extensions/ms-python.python-2021.12.1522449417-dev/out/client/extension.js:67:262355)
    at z.provideCompletionItems (/opt/visual-studio-code-insiders/resources/app/out/vs/workbench/services/extensions/node/extensionHostProcess.js:95:101392)
[2021-12-03 13:17:13.229] [exthost] [error] [ms-python.python] provider FAILED
[2021-12-03 13:17:13.229] [exthost] [error] Canceled: Canceled
    at S.makeCancelError (/home/aadi/.vscode-insiders/extensions/ms-python.python-2021.12.1522449417-dev/out/client/extension.js:24:159824)
    at S.handleFailedRequest (/home/aadi/.vscode-insiders/extensions/ms-python.python-2021.12.1522449417-dev/out/client/extension.js:24:159675)
    at /home/aadi/.vscode-insiders/extensions/ms-python.python-2021.12.1522449417-dev/out/client/extension.js:24:127536
    at I.provideCodeActions (/opt/visual-studio-code-insiders/resources/app/out/vs/workbench/services/extensions/node/extensionHostProcess.js:95:93155)
[2021-12-03 13:18:06.117] [exthost] [error] [ms-python.python] provider FAILED
[2021-12-03 13:18:06.118] [exthost] [error] Canceled: Canceled
    at S.makeCancelError (/home/aadi/.vscode-insiders/extensions/ms-python.python-2021.12.1522449417-dev/out/client/extension.js:24:159824)
    at S.handleFailedRequest (/home/aadi/.vscode-insiders/extensions/ms-python.python-2021.12.1522449417-dev/out/client/extension.js:24:159675)
    at /home/aadi/.vscode-insiders/extensions/ms-python.python-2021.12.1522449417-dev/out/client/extension.js:24:123609
    at h.provideDocumentHighlights (/opt/visual-studio-code-insiders/resources/app/out/vs/workbench/services/extensions/node/extensionHostProcess.js:95:91799)
[2021-12-03 13:18:06.118] [exthost] [error] [ms-python.python] provider FAILED
[2021-12-03 13:18:06.118] [exthost] [error] Canceled: Canceled
    at S.makeCancelError (/home/aadi/.vscode-insiders/extensions/ms-python.python-2021.12.1522449417-dev/out/client/extension.js:24:159824)
    at S.handleFailedRequest (/home/aadi/.vscode-insiders/extensions/ms-python.python-2021.12.1522449417-dev/out/client/extension.js:24:159675)
    at /home/aadi/.vscode-insiders/extensions/ms-python.python-2021.12.1522449417-dev/out/client/extension.js:24:123609
    at h.provideDocumentHighlights (/opt/visual-studio-code-insiders/resources/app/out/vs/workbench/services/extensions/node/extensionHostProcess.js:95:91799)
[2021-12-03 13:21:10.462] [exthost] [error] [ms-python.python] provider FAILED
[2021-12-03 13:21:10.462] [exthost] [error] Canceled: Canceled
    at S.makeCancelError (/home/aadi/.vscode-insiders/extensions/ms-python.python-2021.12.1522449417-dev/out/client/extension.js:24:159824)
    at S.handleFailedRequest (/home/aadi/.vscode-insiders/extensions/ms-python.python-2021.12.1522449417-dev/out/client/extension.js:24:159675)
    at /home/aadi/.vscode-insiders/extensions/ms-python.python-2021.12.1522449417-dev/out/client/extension.js:24:127536
    at I.provideCodeActions (/opt/visual-studio-code-insiders/resources/app/out/vs/workbench/services/extensions/node/extensionHostProcess.js:95:93155)
[2021-12-03 13:21:34.617] [exthost] [info] ExtensionService#_doActivateExtension vscode.debug-server-ready, startup: false, activationEvent: 'onDebugResolve'
[2021-12-03 13:22:13.288] [exthost] [error] [ms-python.python] provider FAILED
[2021-12-03 13:22:13.288] [exthost] [error] Canceled: Canceled
    at S.makeCancelError (/home/aadi/.vscode-insiders/extensions/ms-python.python-2021.12.1522449417-dev/out/client/extension.js:24:159824)
    at S.handleFailedRequest (/home/aadi/.vscode-insiders/extensions/ms-python.python-2021.12.1522449417-dev/out/client/extension.js:24:159675)
    at /home/aadi/.vscode-insiders/extensions/ms-python.python-2021.12.1522449417-dev/out/client/extension.js:24:123609
    at h.provideDocumentHighlights (/opt/visual-studio-code-insiders/resources/app/out/vs/workbench/services/extensions/node/extensionHostProcess.js:95:91799)
[2021-12-03 13:22:21.835] [exthost] [error] [ms-python.python] provider FAILED
[2021-12-03 13:22:21.835] [exthost] [error] TypeError: Cannot read property 'length' of undefined
    at /home/aadi/.vscode-insiders/extensions/ms-python.python-2021.12.1522449417-dev/out/client/extension.js:67:257359
    at p (/home/aadi/.vscode-insiders/extensions/ms-python.python-2021.12.1522449417-dev/out/client/extension.js:67:262355)
    at z.provideCompletionItems (/opt/visual-studio-code-insiders/resources/app/out/vs/workbench/services/extensions/node/extensionHostProcess.js:95:101392)
[2021-12-03 13:22:22.080] [exthost] [error] [ms-python.python] provider FAILED
[2021-12-03 13:22:22.080] [exthost] [error] Canceled: Canceled
    at S.makeCancelError (/home/aadi/.vscode-insiders/extensions/ms-python.python-2021.12.1522449417-dev/out/client/extension.js:24:159824)
    at S.handleFailedRequest (/home/aadi/.vscode-insiders/extensions/ms-python.python-2021.12.1522449417-dev/out/client/extension.js:24:159675)
    at /home/aadi/.vscode-insiders/extensions/ms-python.python-2021.12.1522449417-dev/out/client/extension.js:24:127536
    at I.provideCodeActions (/opt/visual-studio-code-insiders/resources/app/out/vs/workbench/services/extensions/node/extensionHostProcess.js:95:93155)
[2021-12-03 13:22:22.514] [exthost] [error] [ms-python.python] provider FAILED
[2021-12-03 13:22:22.514] [exthost] [error] Canceled: Canceled
    at S.makeCancelError (/home/aadi/.vscode-insiders/extensions/ms-python.python-2021.12.1522449417-dev/out/client/extension.js:24:159824)
    at S.handleFailedRequest (/home/aadi/.vscode-insiders/extensions/ms-python.python-2021.12.1522449417-dev/out/client/extension.js:24:159675)
    at /home/aadi/.vscode-insiders/extensions/ms-python.python-2021.12.1522449417-dev/out/client/extension.js:24:127536
    at I.provideCodeActions (/opt/visual-studio-code-insiders/resources/app/out/vs/workbench/services/extensions/node/extensionHostProcess.js:95:93155)
[2021-12-03 13:27:36.818] [exthost] [error] [ms-python.python] provider FAILED
[2021-12-03 13:27:36.825] [exthost] [error] TypeError: Cannot read property 'length' of undefined
    at /home/aadi/.vscode-insiders/extensions/ms-python.python-2021.12.1522449417-dev/out/client/extension.js:67:257359
    at p (/home/aadi/.vscode-insiders/extensions/ms-python.python-2021.12.1522449417-dev/out/client/extension.js:67:262355)
    at z.provideCompletionItems (/opt/visual-studio-code-insiders/resources/app/out/vs/workbench/services/extensions/node/extensionHostProcess.js:95:101392)
[2021-12-03 13:31:12.244] [exthost] [error] [ms-python.python] provider FAILED
[2021-12-03 13:31:12.244] [exthost] [error] Canceled: Canceled
    at S.makeCancelError (/home/aadi/.vscode-insiders/extensions/ms-python.python-2021.12.1522449417-dev/out/client/extension.js:24:159824)
    at S.handleFailedRequest (/home/aadi/.vscode-insiders/extensions/ms-python.python-2021.12.1522449417-dev/out/client/extension.js:24:159675)
    at /home/aadi/.vscode-insiders/extensions/ms-python.python-2021.12.1522449417-dev/out/client/extension.js:24:119225
    at z.resolveCompletionItem (/opt/visual-studio-code-insiders/resources/app/out/vs/workbench/services/extensions/node/extensionHostProcess.js:95:102113)
[2021-12-03 13:31:20.473] [exthost] [error] [ms-python.python] provider FAILED
[2021-12-03 13:31:20.473] [exthost] [error] Canceled: Canceled
    at S.makeCancelError (/home/aadi/.vscode-insiders/extensions/ms-python.python-2021.12.1522449417-dev/out/client/extension.js:24:159824)
    at S.handleFailedRequest (/home/aadi/.vscode-insiders/extensions/ms-python.python-2021.12.1522449417-dev/out/client/extension.js:24:159675)
    at /home/aadi/.vscode-insiders/extensions/ms-python.python-2021.12.1522449417-dev/out/client/extension.js:24:127536
    at I.provideCodeActions (/opt/visual-studio-code-insiders/resources/app/out/vs/workbench/services/extensions/node/extensionHostProcess.js:95:93155)
[2021-12-03 13:31:21.961] [exthost] [error] [ms-python.python] provider FAILED
[2021-12-03 13:31:21.961] [exthost] [error] Canceled: Canceled
    at S.makeCancelError (/home/aadi/.vscode-insiders/extensions/ms-python.python-2021.12.1522449417-dev/out/client/extension.js:24:159824)
    at S.handleFailedRequest (/home/aadi/.vscode-insiders/extensions/ms-python.python-2021.12.1522449417-dev/out/client/extension.js:24:159675)
    at /home/aadi/.vscode-insiders/extensions/ms-python.python-2021.12.1522449417-dev/out/client/extension.js:24:123609
    at h.provideDocumentHighlights (/opt/visual-studio-code-insiders/resources/app/out/vs/workbench/services/extensions/node/extensionHostProcess.js:95:91799)
[2021-12-03 13:31:21.981] [exthost] [error] [ms-python.python] provider FAILED
[2021-12-03 13:31:21.981] [exthost] [error] Canceled: Canceled
    at S.makeCancelError (/home/aadi/.vscode-insiders/extensions/ms-python.python-2021.12.1522449417-dev/out/client/extension.js:24:159824)
    at S.handleFailedRequest (/home/aadi/.vscode-insiders/extensions/ms-python.python-2021.12.1522449417-dev/out/client/extension.js:24:159675)
    at /home/aadi/.vscode-insiders/extensions/ms-python.python-2021.12.1522449417-dev/out/client/extension.js:24:118829
    at z.provideCompletionItems (/opt/visual-studio-code-insiders/resources/app/out/vs/workbench/services/extensions/node/extensionHostProcess.js:95:101392)
[2021-12-03 13:31:22.026] [exthost] [error] [ms-python.python] provider FAILED
[2021-12-03 13:31:22.026] [exthost] [error] Canceled: Canceled
    at S.makeCancelError (/home/aadi/.vscode-insiders/extensions/ms-python.python-2021.12.1522449417-dev/out/client/extension.js:24:159824)
    at S.handleFailedRequest (/home/aadi/.vscode-insiders/extensions/ms-python.python-2021.12.1522449417-dev/out/client/extension.js:24:159675)
    at /home/aadi/.vscode-insiders/extensions/ms-python.python-2021.12.1522449417-dev/out/client/extension.js:24:123609
    at h.provideDocumentHighlights (/opt/visual-studio-code-insiders/resources/app/out/vs/workbench/services/extensions/node/extensionHostProcess.js:95:91799)
[2021-12-03 13:31:29.758] [exthost] [error] [ms-python.python] provider FAILED
[2021-12-03 13:31:29.758] [exthost] [error] Canceled: Canceled
    at S.makeCancelError (/home/aadi/.vscode-insiders/extensions/ms-python.python-2021.12.1522449417-dev/out/client/extension.js:24:159824)
    at S.handleFailedRequest (/home/aadi/.vscode-insiders/extensions/ms-python.python-2021.12.1522449417-dev/out/client/extension.js:24:159675)
    at /home/aadi/.vscode-insiders/extensions/ms-python.python-2021.12.1522449417-dev/out/client/extension.js:24:127536
    at I.provideCodeActions (/opt/visual-studio-code-insiders/resources/app/out/vs/workbench/services/extensions/node/extensionHostProcess.js:95:93155)
[2021-12-03 13:54:50.459] [exthost] [error] [ms-python.python] provider FAILED
[2021-12-03 13:54:50.459] [exthost] [error] Canceled: Canceled
    at S.makeCancelError (/home/aadi/.vscode-insiders/extensions/ms-python.python-2021.12.1522449417-dev/out/client/extension.js:24:159824)
    at S.handleFailedRequest (/home/aadi/.vscode-insiders/extensions/ms-python.python-2021.12.1522449417-dev/out/client/extension.js:24:159675)
    at /home/aadi/.vscode-insiders/extensions/ms-python.python-2021.12.1522449417-dev/out/client/extension.js:24:123609
    at h.provideDocumentHighlights (/opt/visual-studio-code-insiders/resources/app/out/vs/workbench/services/extensions/node/extensionHostProcess.js:95:91799)
[2021-12-03 13:54:50.513] [exthost] [error] [ms-python.python] provider FAILED
[2021-12-03 13:54:50.513] [exthost] [error] TypeError: Cannot read property 'length' of undefined
    at /home/aadi/.vscode-insiders/extensions/ms-python.python-2021.12.1522449417-dev/out/client/extension.js:67:257359
    at p (/home/aadi/.vscode-insiders/extensions/ms-python.python-2021.12.1522449417-dev/out/client/extension.js:67:262355)
    at z.provideCompletionItems (/opt/visual-studio-code-insiders/resources/app/out/vs/workbench/services/extensions/node/extensionHostProcess.js:95:101392)
[2021-12-03 13:54:57.542] [exthost] [error] [ms-python.python] provider FAILED
[2021-12-03 13:54:57.542] [exthost] [error] Canceled: Canceled
    at S.makeCancelError (/home/aadi/.vscode-insiders/extensions/ms-python.python-2021.12.1522449417-dev/out/client/extension.js:24:159824)
    at S.handleFailedRequest (/home/aadi/.vscode-insiders/extensions/ms-python.python-2021.12.1522449417-dev/out/client/extension.js:24:159675)
    at /home/aadi/.vscode-insiders/extensions/ms-python.python-2021.12.1522449417-dev/out/client/extension.js:24:123609
    at h.provideDocumentHighlights (/opt/visual-studio-code-insiders/resources/app/out/vs/workbench/services/extensions/node/extensionHostProcess.js:95:91799)
[2021-12-03 14:06:33.829] [exthost] [error] [ms-python.python] provider FAILED
[2021-12-03 14:06:33.829] [exthost] [error] TypeError: Cannot read property 'length' of undefined
    at /home/aadi/.vscode-insiders/extensions/ms-python.python-2021.12.1522449417-dev/out/client/extension.js:67:257359
    at p (/home/aadi/.vscode-insiders/extensions/ms-python.python-2021.12.1522449417-dev/out/client/extension.js:67:262355)
    at z.provideCompletionItems (/opt/visual-studio-code-insiders/resources/app/out/vs/workbench/services/extensions/node/extensionHostProcess.js:95:101392)
[2021-12-03 14:07:18.347] [exthost] [error] [ms-python.python] provider FAILED
[2021-12-03 14:07:18.347] [exthost] [error] Canceled: Canceled
    at S.makeCancelError (/home/aadi/.vscode-insiders/extensions/ms-python.python-2021.12.1522449417-dev/out/client/extension.js:24:159824)
    at S.handleFailedRequest (/home/aadi/.vscode-insiders/extensions/ms-python.python-2021.12.1522449417-dev/out/client/extension.js:24:159675)
    at /home/aadi/.vscode-insiders/extensions/ms-python.python-2021.12.1522449417-dev/out/client/extension.js:24:127536
    at I.provideCodeActions (/opt/visual-studio-code-insiders/resources/app/out/vs/workbench/services/extensions/node/extensionHostProcess.js:95:93155)
[2021-12-03 14:07:20.605] [exthost] [error] [ms-python.python] provider FAILED
[2021-12-03 14:07:20.605] [exthost] [error] Canceled: Canceled
    at S.makeCancelError (/home/aadi/.vscode-insiders/extensions/ms-python.python-2021.12.1522449417-dev/out/client/extension.js:24:159824)
    at S.handleFailedRequest (/home/aadi/.vscode-insiders/extensions/ms-python.python-2021.12.1522449417-dev/out/client/extension.js:24:159675)
    at /home/aadi/.vscode-insiders/extensions/ms-python.python-2021.12.1522449417-dev/out/client/extension.js:24:127536
    at I.provideCodeActions (/opt/visual-studio-code-insiders/resources/app/out/vs/workbench/services/extensions/node/extensionHostProcess.js:95:93155)
[2021-12-03 14:18:42.981] [exthost] [info] ExtensionService#_doActivateExtension njpwerner.autodocstring, startup: false, activationEvent: 'onLanguage:python'
[2021-12-03 14:19:04.225] [exthost] [info] ExtensionService#_doActivateExtension KevinRose.vsc-python-indent, startup: false, activationEvent: 'onLanguage:python'
[2021-12-03 14:19:12.881] [exthost] [info] ExtensionService#_doActivateExtension VisualStudioExptTeam.vscodeintellicode, startup: false, activationEvent: 'onLanguage:python'
[2021-12-03 14:19:12.946] [exthost] [info] ExtensionService#_doActivateExtension vscode.configuration-editing, startup: false, activationEvent: 'onLanguage:jsonc'
[2021-12-03 14:19:12.948] [exthost] [info] ExtensionService#_doActivateExtension vscode.json-language-features, startup: false, activationEvent: 'onLanguage:jsonc'
[2021-12-03 14:19:12.956] [exthost] [info] ExtensionService#_doActivateExtension vscode.typescript-language-features, startup: false, activationEvent: 'onLanguage:jsonc'
[2021-12-03 14:19:54.917] [exthost] [error] [ms-python.python] provider FAILED
[2021-12-03 14:19:54.917] [exthost] [error] TypeError: Cannot read property 'length' of undefined
    at /home/aadi/.vscode-insiders/extensions/ms-python.python-2021.12.1522449417-dev/out/client/extension.js:67:257359
    at p (/home/aadi/.vscode-insiders/extensions/ms-python.python-2021.12.1522449417-dev/out/client/extension.js:67:262355)
    at z.provideCompletionItems (/opt/visual-studio-code-insiders/resources/app/out/vs/workbench/services/extensions/node/extensionHostProcess.js:95:101392)
[2021-12-03 14:19:59.317] [exthost] [error] [ms-python.python] provider FAILED
[2021-12-03 14:19:59.317] [exthost] [error] Error: name must not be falsy
    at Function.validate (/opt/visual-studio-code-insiders/resources/app/out/vs/workbench/services/extensions/node/extensionHostProcess.js:86:30557)
    at new t (/opt/visual-studio-code-insiders/resources/app/out/vs/workbench/services/extensions/node/extensionHostProcess.js:86:30506)
    at new t (/opt/visual-studio-code-insiders/resources/app/out/vs/workbench/services/extensions/node/extensionHostProcess.js:86:17301)
    at B (/home/aadi/.vscode-insiders/extensions/ms-python.python-2021.12.1522449417-dev/out/client/extension.js:67:215318)
    at Array.map (<anonymous>)
    at Object.asDocumentSymbols (/home/aadi/.vscode-insiders/extensions/ms-python.python-2021.12.1522449417-dev/out/client/extension.js:67:220656)
    at /home/aadi/.vscode-insiders/extensions/ms-python.python-2021.12.1522449417-dev/out/client/extension.js:24:124585
    at o.provideDocumentSymbols (/opt/visual-studio-code-insiders/resources/app/out/vs/workbench/services/extensions/node/extensionHostProcess.js:95:87701)
[2021-12-03 14:20:15.662] [exthost] [error] [ms-python.python] provider FAILED
[2021-12-03 14:20:15.662] [exthost] [error] Canceled: Canceled
    at S.makeCancelError (/home/aadi/.vscode-insiders/extensions/ms-python.python-2021.12.1522449417-dev/out/client/extension.js:24:159824)
    at S.handleFailedRequest (/home/aadi/.vscode-insiders/extensions/ms-python.python-2021.12.1522449417-dev/out/client/extension.js:24:159675)
    at /home/aadi/.vscode-insiders/extensions/ms-python.python-2021.12.1522449417-dev/out/client/extension.js:24:123609
    at h.provideDocumentHighlights (/opt/visual-studio-code-insiders/resources/app/out/vs/workbench/services/extensions/node/extensionHostProcess.js:95:91799)
[2021-12-03 14:21:04.786] [exthost] [error] [ms-python.python] provider FAILED
[2021-12-03 14:21:04.786] [exthost] [error] Error: name must not be falsy
    at Function.validate (/opt/visual-studio-code-insiders/resources/app/out/vs/workbench/services/extensions/node/extensionHostProcess.js:86:30557)
    at new t (/opt/visual-studio-code-insiders/resources/app/out/vs/workbench/services/extensions/node/extensionHostProcess.js:86:30506)
    at new t (/opt/visual-studio-code-insiders/resources/app/out/vs/workbench/services/extensions/node/extensionHostProcess.js:86:17301)
    at B (/home/aadi/.vscode-insiders/extensions/ms-python.python-2021.12.1522449417-dev/out/client/extension.js:67:215318)
    at Array.map (<anonymous>)
    at Object.asDocumentSymbols (/home/aadi/.vscode-insiders/extensions/ms-python.python-2021.12.1522449417-dev/out/client/extension.js:67:220656)
    at /home/aadi/.vscode-insiders/extensions/ms-python.python-2021.12.1522449417-dev/out/client/extension.js:24:124585
    at o.provideDocumentSymbols (/opt/visual-studio-code-insiders/resources/app/out/vs/workbench/services/extensions/node/extensionHostProcess.js:95:87701)
[2021-12-03 14:21:07.377] [exthost] [error] [ms-python.python] provider FAILED
[2021-12-03 14:21:07.377] [exthost] [error] Error: name must not be falsy
    at Function.validate (/opt/visual-studio-code-insiders/resources/app/out/vs/workbench/services/extensions/node/extensionHostProcess.js:86:30557)
    at new t (/opt/visual-studio-code-insiders/resources/app/out/vs/workbench/services/extensions/node/extensionHostProcess.js:86:30506)
    at new t (/opt/visual-studio-code-insiders/resources/app/out/vs/workbench/services/extensions/node/extensionHostProcess.js:86:17301)
    at B (/home/aadi/.vscode-insiders/extensions/ms-python.python-2021.12.1522449417-dev/out/client/extension.js:67:215318)
    at Array.map (<anonymous>)
    at Object.asDocumentSymbols (/home/aadi/.vscode-insiders/extensions/ms-python.python-2021.12.1522449417-dev/out/client/extension.js:67:220656)
    at /home/aadi/.vscode-insiders/extensions/ms-python.python-2021.12.1522449417-dev/out/client/extension.js:24:124585
    at o.provideDocumentSymbols (/opt/visual-studio-code-insiders/resources/app/out/vs/workbench/services/extensions/node/extensionHostProcess.js:95:87701)
[2021-12-03 14:21:21.689] [exthost] [error] [ms-python.python] provider FAILED
[2021-12-03 14:21:21.689] [exthost] [error] Canceled: Canceled
    at S.makeCancelError (/home/aadi/.vscode-insiders/extensions/ms-python.python-2021.12.1522449417-dev/out/client/extension.js:24:159824)
    at S.handleFailedRequest (/home/aadi/.vscode-insiders/extensions/ms-python.python-2021.12.1522449417-dev/out/client/extension.js:24:159675)
    at /home/aadi/.vscode-insiders/extensions/ms-python.python-2021.12.1522449417-dev/out/client/extension.js:24:127536
    at I.provideCodeActions (/opt/visual-studio-code-insiders/resources/app/out/vs/workbench/services/extensions/node/extensionHostProcess.js:95:93155)
[2021-12-03 14:21:51.550] [exthost] [error] [ms-python.python] provider FAILED
[2021-12-03 14:21:51.550] [exthost] [error] Canceled: Canceled
    at S.makeCancelError (/home/aadi/.vscode-insiders/extensions/ms-python.python-2021.12.1522449417-dev/out/client/extension.js:24:159824)
    at S.handleFailedRequest (/home/aadi/.vscode-insiders/extensions/ms-python.python-2021.12.1522449417-dev/out/client/extension.js:24:159675)
    at /home/aadi/.vscode-insiders/extensions/ms-python.python-2021.12.1522449417-dev/out/client/extension.js:24:123609
    at h.provideDocumentHighlights (/opt/visual-studio-code-insiders/resources/app/out/vs/workbench/services/extensions/node/extensionHostProcess.js:95:91799)
[2021-12-03 14:22:16.257] [exthost] [info] extension host terminating: renderer closed the socket
[2021-12-03 14:22:16.449] [exthost] [error] TypeError: r.some is not a function
    at Function.saveToDisk (/home/aadi/.vscode-insiders/extensions/vscodevim.vim-1.21.10/src/register/register.ts:350:30)
    at Object.e.deactivate (/home/aadi/.vscode-insiders/extensions/vscodevim.vim-1.21.10/extension.ts:37:18)
    at v._deactivate (/opt/visual-studio-code-insiders/resources/app/out/vs/workbench/services/extensions/node/extensionHostProcess.js:100:11509)
    at /opt/visual-studio-code-insiders/resources/app/out/vs/workbench/services/extensions/node/extensionHostProcess.js:100:10057
    at Array.map (<anonymous>)
    at v.deactivateAll (/opt/visual-studio-code-insiders/resources/app/out/vs/workbench/services/extensions/node/extensionHostProcess.js:100:10045)
    at p.terminate (/opt/visual-studio-code-insiders/resources/app/out/vs/workbench/services/extensions/node/extensionHostProcess.js:104:735)
    at r (/opt/visual-studio-code-insiders/resources/app/out/vs/workbench/services/extensions/node/extensionHostProcess.js:114:36400)
    at Socket.<anonymous> (/opt/visual-studio-code-insiders/resources/app/out/vs/workbench/services/extensions/node/extensionHostProcess.js:114:34012)
    at Socket.emit (events.js:327:22)
    at Pipe.<anonymous> (net.js:673:12)
[2021-12-03 14:22:16.449] [exthost] [info] Extension host with pid 754516 exiting with code 0
