[2021-12-03 06:14:02.663] [exthost] [info] Extension host with pid 471745 started
[2021-12-03 06:14:02.663] [exthost] [info] Skipping acquiring lock for /home/aadi/.config/Code - Insiders/User/workspaceStorage/bdf5c52af1663f33998adeb3313d44b0.
[2021-12-03 06:14:02.688] [exthost] [info] ExtensionService#_doActivateExtension vscode.microsoft-authentication, startup: false, activationEvent: 'onAuthenticationRequest:microsoft'
[2021-12-03 06:14:02.705] [exthost] [info] ExtensionService#_doActivateExtension vscode.ipynb, startup: false, activationEvent: 'onNotebook:jupyter-notebook}'
[2021-12-03 06:14:02.712] [exthost] [info] ExtensionService#_doActivateExtension vscode.debug-auto-launch, startup: true, activationEvent: '*'
[2021-12-03 06:14:02.714] [exthost] [info] ExtensionService#_doActivateExtension vscode.git-base, startup: true, activationEvent: '*', root cause: vscode.github
[2021-12-03 06:14:02.715] [exthost] [info] ExtensionService#_doActivateExtension vscodevim.vim, startup: true, activationEvent: '*'
[2021-12-03 06:14:02.795] [exthost] [info] ExtensionService#_doActivateExtension vscode.git, startup: true, activationEvent: '*'
[2021-12-03 06:14:02.827] [exthost] [info] ExtensionService#_doActivateExtension vscode.github, startup: true, activationEvent: '*'
[2021-12-03 06:14:02.871] [exthost] [info] Eager extensions activated
[2021-12-03 06:14:02.887] [exthost] [info] ExtensionService#_doActivateExtension vscode.emmet, startup: false, activationEvent: 'onStartupFinished'
[2021-12-03 06:14:02.896] [exthost] [info] ExtensionService#_doActivateExtension vscode.merge-conflict, startup: false, activationEvent: 'onStartupFinished'
[2021-12-03 06:14:02.898] [exthost] [info] ExtensionService#_doActivateExtension PKief.material-icon-theme, startup: false, activationEvent: 'onStartupFinished'
[2021-12-03 06:14:02.913] [exthost] [info] ExtensionService#_doActivateExtension ms-toolsai.jupyter, startup: false, activationEvent: 'onNotebook:jupyter-notebook'
[2021-12-03 06:14:03.046] [exthost] [info] ExtensionService#_doActivateExtension ms-toolsai.jupyter-renderers, startup: false, activationEvent: 'onNotebook:*'
[2021-12-03 06:14:03.047] [exthost] [info] ExtensionService#_doActivateExtension vscode.github-authentication, startup: false, activationEvent: 'onAuthenticationRequest:github'
[2021-12-03 06:14:03.180] [exthost] [info] ExtensionService#_doActivateExtension ms-python.python, startup: false, activationEvent: 'onLanguage:python', root cause: ms-python.vscode-pylance
[2021-12-03 06:14:03.319] [exthost] [info] ExtensionService#_doActivateExtension vscode.extension-editing, startup: false, activationEvent: 'onLanguage:markdown'
[2021-12-03 06:14:03.331] [exthost] [info] ExtensionService#_doActivateExtension vscode.markdown-language-features, startup: false, activationEvent: 'onLanguage:markdown'
[2021-12-03 06:14:03.608] [exthost] [info] ExtensionService#_doActivateExtension ms-python.vscode-pylance, startup: false, activationEvent: 'onLanguage:python'
[2021-12-03 06:14:03.785] [exthost] [info] ExtensionService#_doActivateExtension vscode.markdown-math, startup: false, activationEvent: 'api', root cause: vscode.markdown-language-features
[2021-12-03 06:14:14.915] [exthost] [info] extension host terminating: renderer closed the socket
[2021-12-03 06:14:14.937] [exthost] [error] Error: ENOENT: no such file or directory, open '/home/aadi/.config/Code - Insiders/User/globalStorage/vscodevim.vim/.registers'
[2021-12-03 06:14:15.625] [exthost] [info] Extension host with pid 472179 started
[2021-12-03 06:14:15.625] [exthost] [info] Skipping acquiring lock for /home/aadi/.config/Code - Insiders/User/workspaceStorage/bdf5c52af1663f33998adeb3313d44b0.
[2021-12-03 06:14:15.652] [exthost] [info] ExtensionService#_doActivateExtension vscode.microsoft-authentication, startup: false, activationEvent: 'onAuthenticationRequest:microsoft'
[2021-12-03 06:14:15.669] [exthost] [info] ExtensionService#_doActivateExtension vscode.ipynb, startup: false, activationEvent: 'onNotebook:jupyter-notebook}'
[2021-12-03 06:14:15.677] [exthost] [info] ExtensionService#_doActivateExtension vscode.debug-auto-launch, startup: true, activationEvent: '*'
[2021-12-03 06:14:15.678] [exthost] [info] ExtensionService#_doActivateExtension vscode.git-base, startup: true, activationEvent: '*', root cause: vscode.github
[2021-12-03 06:14:15.679] [exthost] [info] ExtensionService#_doActivateExtension vscodevim.vim, startup: true, activationEvent: '*'
[2021-12-03 06:14:15.727] [exthost] [info] ExtensionService#_doActivateExtension vscode.git, startup: true, activationEvent: '*'
[2021-12-03 06:14:15.735] [exthost] [info] ExtensionService#_doActivateExtension vscode.github, startup: true, activationEvent: '*'
[2021-12-03 06:14:15.773] [exthost] [info] Eager extensions activated
[2021-12-03 06:14:15.787] [exthost] [info] ExtensionService#_doActivateExtension vscode.emmet, startup: false, activationEvent: 'onStartupFinished'
[2021-12-03 06:14:15.791] [exthost] [info] ExtensionService#_doActivateExtension vscode.merge-conflict, startup: false, activationEvent: 'onStartupFinished'
[2021-12-03 06:14:15.792] [exthost] [info] ExtensionService#_doActivateExtension PKief.material-icon-theme, startup: false, activationEvent: 'onStartupFinished'
[2021-12-03 06:14:15.799] [exthost] [info] ExtensionService#_doActivateExtension ms-toolsai.jupyter, startup: false, activationEvent: 'onNotebook:jupyter-notebook'
[2021-12-03 06:14:15.928] [exthost] [info] Extension host with pid 471745 exiting with code 0
[2021-12-03 06:14:15.931] [exthost] [info] ExtensionService#_doActivateExtension ms-toolsai.jupyter-renderers, startup: false, activationEvent: 'onNotebook:*'
[2021-12-03 06:14:15.932] [exthost] [info] ExtensionService#_doActivateExtension vscode.github-authentication, startup: false, activationEvent: 'onAuthenticationRequest:github'
[2021-12-03 06:14:16.098] [exthost] [info] ExtensionService#_doActivateExtension ms-python.python, startup: false, activationEvent: 'onLanguage:python', root cause: ms-python.vscode-pylance
[2021-12-03 06:14:16.177] [exthost] [info] ExtensionService#_doActivateExtension vscode.extension-editing, startup: false, activationEvent: 'onLanguage:markdown'
[2021-12-03 06:14:16.179] [exthost] [info] ExtensionService#_doActivateExtension vscode.markdown-language-features, startup: false, activationEvent: 'onLanguage:markdown'
[2021-12-03 06:14:16.539] [exthost] [info] ExtensionService#_doActivateExtension ms-python.vscode-pylance, startup: false, activationEvent: 'onLanguage:python'
[2021-12-03 06:14:16.702] [exthost] [info] ExtensionService#_doActivateExtension vscode.markdown-math, startup: false, activationEvent: 'api', root cause: vscode.markdown-language-features
[2021-12-03 06:14:24.667] [exthost] [info] extension host terminating: renderer closed the socket
[2021-12-03 06:14:24.689] [exthost] [error] Error: ENOENT: no such file or directory, open '/home/aadi/.config/Code - Insiders/User/globalStorage/vscodevim.vim/.registers'
[2021-12-03 06:14:25.459] [exthost] [info] Extension host with pid 472548 started
[2021-12-03 06:14:25.486] [exthost] [info] ExtensionService#_doActivateExtension vscode.microsoft-authentication, startup: false, activationEvent: 'onAuthenticationRequest:microsoft'
[2021-12-03 06:14:25.508] [exthost] [info] ExtensionService#_doActivateExtension vscode.debug-auto-launch, startup: true, activationEvent: '*'
[2021-12-03 06:14:25.509] [exthost] [info] ExtensionService#_doActivateExtension vscode.git-base, startup: true, activationEvent: '*', root cause: vscode.github
[2021-12-03 06:14:25.511] [exthost] [info] ExtensionService#_doActivateExtension vscodevim.vim, startup: true, activationEvent: '*'
[2021-12-03 06:14:25.555] [exthost] [info] ExtensionService#_doActivateExtension vscode.git, startup: true, activationEvent: '*'
[2021-12-03 06:14:25.563] [exthost] [info] ExtensionService#_doActivateExtension vscode.github, startup: true, activationEvent: '*'
[2021-12-03 06:14:25.595] [exthost] [info] Eager extensions activated
[2021-12-03 06:14:25.600] [exthost] [info] ExtensionService#_doActivateExtension vscode.github-authentication, startup: false, activationEvent: 'onAuthenticationRequest:github'
[2021-12-03 06:14:25.604] [exthost] [info] ExtensionService#_doActivateExtension vscode.emmet, startup: false, activationEvent: 'onStartupFinished'
[2021-12-03 06:14:25.606] [exthost] [info] ExtensionService#_doActivateExtension vscode.merge-conflict, startup: false, activationEvent: 'onStartupFinished'
[2021-12-03 06:14:25.607] [exthost] [info] ExtensionService#_doActivateExtension PKief.material-icon-theme, startup: false, activationEvent: 'onStartupFinished'
[2021-12-03 06:14:25.680] [exthost] [info] Extension host with pid 472179 exiting with code 0
[2021-12-03 06:14:33.785] [exthost] [info] extension host terminating: renderer closed the socket
[2021-12-03 06:14:33.789] [exthost] [error] Error: ENOENT: no such file or directory, open '/home/aadi/.config/Code - Insiders/User/globalStorage/vscodevim.vim/.registers'
[2021-12-03 06:14:33.789] [exthost] [info] Extension host with pid 472548 exiting with code 0
[2021-12-03 06:14:34.649] [exthost] [info] Extension host with pid 472709 started
[2021-12-03 06:14:34.649] [exthost] [info] Skipping acquiring lock for /home/aadi/.config/Code - Insiders/User/workspaceStorage/74a769d562bbdf54dc6c82f62891db94.
[2021-12-03 06:14:34.681] [exthost] [info] ExtensionService#_doActivateExtension vscode.microsoft-authentication, startup: false, activationEvent: 'onAuthenticationRequest:microsoft'
[2021-12-03 06:14:34.701] [exthost] [info] ExtensionService#_doActivateExtension vscode.debug-auto-launch, startup: true, activationEvent: '*'
[2021-12-03 06:14:34.702] [exthost] [info] ExtensionService#_doActivateExtension vscode.git-base, startup: true, activationEvent: '*', root cause: vscode.github
[2021-12-03 06:14:34.703] [exthost] [info] ExtensionService#_doActivateExtension vscodevim.vim, startup: true, activationEvent: '*'
[2021-12-03 06:14:34.744] [exthost] [info] ExtensionService#_doActivateExtension vscode.git, startup: true, activationEvent: '*'
[2021-12-03 06:14:34.752] [exthost] [info] ExtensionService#_doActivateExtension vscode.github, startup: true, activationEvent: '*'
[2021-12-03 06:14:34.803] [exthost] [info] Eager extensions activated
[2021-12-03 06:14:34.843] [exthost] [info] ExtensionService#_doActivateExtension vscode.github-authentication, startup: false, activationEvent: 'onAuthenticationRequest:github'
[2021-12-03 06:14:34.847] [exthost] [info] ExtensionService#_doActivateExtension vscode.emmet, startup: false, activationEvent: 'onStartupFinished'
[2021-12-03 06:14:34.849] [exthost] [info] ExtensionService#_doActivateExtension vscode.merge-conflict, startup: false, activationEvent: 'onStartupFinished'
[2021-12-03 06:14:34.850] [exthost] [info] ExtensionService#_doActivateExtension PKief.material-icon-theme, startup: false, activationEvent: 'onStartupFinished'
[2021-12-03 06:14:38.642] [exthost] [info] ExtensionService#_doActivateExtension vscode.ipynb, startup: false, activationEvent: 'onNotebook:jupyter-notebook}'
[2021-12-03 06:14:38.720] [exthost] [info] ExtensionService#_doActivateExtension ms-toolsai.jupyter, startup: false, activationEvent: 'onNotebook:jupyter-notebook'
[2021-12-03 06:14:38.782] [exthost] [info] ExtensionService#_doActivateExtension ms-toolsai.jupyter-renderers, startup: false, activationEvent: 'onNotebook:*'
[2021-12-03 06:14:38.934] [exthost] [info] ExtensionService#_doActivateExtension ms-python.python, startup: false, activationEvent: 'api', root cause: ms-toolsai.jupyter
[2021-12-03 06:14:39.075] [exthost] [info] ExtensionService#_doActivateExtension ms-python.vscode-pylance, startup: false, activationEvent: 'onLanguage:python'
[2021-12-03 06:15:41.286] [exthost] [error] [ms-toolsai.jupyter] provider FAILED
[2021-12-03 06:15:41.286] [exthost] [error] Canceled: Canceled
    at w.makeCancelError (/home/aadi/.vscode-insiders/extensions/ms-toolsai.jupyter-2021.11.1001532801/out/client/extension.js:16:176654)
    at w.handleFailedRequest (/home/aadi/.vscode-insiders/extensions/ms-toolsai.jupyter-2021.11.1001532801/out/client/extension.js:16:176505)
    at /home/aadi/.vscode-insiders/extensions/ms-toolsai.jupyter-2021.11.1001532801/out/client/extension.js:16:140439
    at h.provideDocumentHighlights (/opt/visual-studio-code-insiders/resources/app/out/vs/workbench/services/extensions/node/extensionHostProcess.js:95:91799)
[2021-12-03 06:18:00.743] [exthost] [error] [ms-toolsai.jupyter] provider FAILED
[2021-12-03 06:18:00.743] [exthost] [error] Canceled: Canceled
    at w.makeCancelError (/home/aadi/.vscode-insiders/extensions/ms-toolsai.jupyter-2021.11.1001532801/out/client/extension.js:16:176654)
    at w.handleFailedRequest (/home/aadi/.vscode-insiders/extensions/ms-toolsai.jupyter-2021.11.1001532801/out/client/extension.js:16:176505)
    at /home/aadi/.vscode-insiders/extensions/ms-toolsai.jupyter-2021.11.1001532801/out/client/extension.js:16:140439
    at runNextTicks (internal/process/task_queues.js:58:5)
    at processImmediate (internal/timers.js:434:9)
    at h.provideDocumentHighlights (/opt/visual-studio-code-insiders/resources/app/out/vs/workbench/services/extensions/node/extensionHostProcess.js:95:91799)
[2021-12-03 06:18:00.761] [exthost] [error] [ms-toolsai.jupyter] provider FAILED
[2021-12-03 06:18:00.761] [exthost] [error] Canceled: Canceled
    at w.makeCancelError (/home/aadi/.vscode-insiders/extensions/ms-toolsai.jupyter-2021.11.1001532801/out/client/extension.js:16:176654)
    at w.handleFailedRequest (/home/aadi/.vscode-insiders/extensions/ms-toolsai.jupyter-2021.11.1001532801/out/client/extension.js:16:176505)
    at /home/aadi/.vscode-insiders/extensions/ms-toolsai.jupyter-2021.11.1001532801/out/client/extension.js:16:140439
    at h.provideDocumentHighlights (/opt/visual-studio-code-insiders/resources/app/out/vs/workbench/services/extensions/node/extensionHostProcess.js:95:91799)
[2021-12-03 06:18:00.775] [exthost] [error] [ms-toolsai.jupyter] provider FAILED
[2021-12-03 06:18:00.775] [exthost] [error] Canceled: Canceled
    at w.makeCancelError (/home/aadi/.vscode-insiders/extensions/ms-toolsai.jupyter-2021.11.1001532801/out/client/extension.js:16:176654)
    at w.handleFailedRequest (/home/aadi/.vscode-insiders/extensions/ms-toolsai.jupyter-2021.11.1001532801/out/client/extension.js:16:176505)
    at /home/aadi/.vscode-insiders/extensions/ms-toolsai.jupyter-2021.11.1001532801/out/client/extension.js:16:140439
    at h.provideDocumentHighlights (/opt/visual-studio-code-insiders/resources/app/out/vs/workbench/services/extensions/node/extensionHostProcess.js:95:91799)
[2021-12-03 06:18:03.130] [exthost] [error] [ms-toolsai.jupyter] provider FAILED
[2021-12-03 06:18:03.130] [exthost] [error] Canceled: Canceled
    at w.makeCancelError (/home/aadi/.vscode-insiders/extensions/ms-toolsai.jupyter-2021.11.1001532801/out/client/extension.js:16:176654)
    at w.handleFailedRequest (/home/aadi/.vscode-insiders/extensions/ms-toolsai.jupyter-2021.11.1001532801/out/client/extension.js:16:176505)
    at /home/aadi/.vscode-insiders/extensions/ms-toolsai.jupyter-2021.11.1001532801/out/client/extension.js:16:140439
    at h.provideDocumentHighlights (/opt/visual-studio-code-insiders/resources/app/out/vs/workbench/services/extensions/node/extensionHostProcess.js:95:91799)
[2021-12-03 06:18:03.133] [exthost] [error] [ms-toolsai.jupyter] provider FAILED
[2021-12-03 06:18:03.133] [exthost] [error] Canceled: Canceled
    at w.makeCancelError (/home/aadi/.vscode-insiders/extensions/ms-toolsai.jupyter-2021.11.1001532801/out/client/extension.js:16:176654)
    at w.handleFailedRequest (/home/aadi/.vscode-insiders/extensions/ms-toolsai.jupyter-2021.11.1001532801/out/client/extension.js:16:176505)
    at /home/aadi/.vscode-insiders/extensions/ms-toolsai.jupyter-2021.11.1001532801/out/client/extension.js:16:140439
    at h.provideDocumentHighlights (/opt/visual-studio-code-insiders/resources/app/out/vs/workbench/services/extensions/node/extensionHostProcess.js:95:91799)
[2021-12-03 06:18:55.452] [exthost] [error] [ms-toolsai.jupyter] provider FAILED
[2021-12-03 06:18:55.452] [exthost] [error] Canceled: Canceled
    at w.makeCancelError (/home/aadi/.vscode-insiders/extensions/ms-toolsai.jupyter-2021.11.1001532801/out/client/extension.js:16:176654)
    at w.handleFailedRequest (/home/aadi/.vscode-insiders/extensions/ms-toolsai.jupyter-2021.11.1001532801/out/client/extension.js:16:176505)
    at /home/aadi/.vscode-insiders/extensions/ms-toolsai.jupyter-2021.11.1001532801/out/client/extension.js:16:140439
    at h.provideDocumentHighlights (/opt/visual-studio-code-insiders/resources/app/out/vs/workbench/services/extensions/node/extensionHostProcess.js:95:91799)
[2021-12-03 06:19:46.573] [exthost] [info] ExtensionService#_doActivateExtension vscode.configuration-editing, startup: false, activationEvent: 'onLanguage:jsonc'
[2021-12-03 06:19:46.583] [exthost] [info] ExtensionService#_doActivateExtension vscode.json-language-features, startup: false, activationEvent: 'onLanguage:jsonc'
[2021-12-03 06:19:46.623] [exthost] [info] ExtensionService#_doActivateExtension vscode.typescript-language-features, startup: false, activationEvent: 'onLanguage:jsonc'
[2021-12-03 06:25:03.453] [exthost] [error] [ms-toolsai.jupyter] provider FAILED
[2021-12-03 06:25:03.453] [exthost] [error] Canceled: Canceled
    at w.makeCancelError (/home/aadi/.vscode-insiders/extensions/ms-toolsai.jupyter-2021.11.1001532801/out/client/extension.js:16:176654)
    at w.handleFailedRequest (/home/aadi/.vscode-insiders/extensions/ms-toolsai.jupyter-2021.11.1001532801/out/client/extension.js:16:176505)
    at /home/aadi/.vscode-insiders/extensions/ms-toolsai.jupyter-2021.11.1001532801/out/client/extension.js:16:136847
    at s.provideHover (/opt/visual-studio-code-insiders/resources/app/out/vs/workbench/services/extensions/node/extensionHostProcess.js:95:90873)
[2021-12-03 06:29:20.285] [exthost] [error] [ms-python.python] provider FAILED
[2021-12-03 06:29:20.286] [exthost] [error] Canceled: Canceled
    at S.makeCancelError (/home/aadi/.vscode-insiders/extensions/ms-python.python-2021.11.1422169775/out/client/extension.js:9:151015)
    at S.handleFailedRequest (/home/aadi/.vscode-insiders/extensions/ms-python.python-2021.11.1422169775/out/client/extension.js:9:150866)
    at /home/aadi/.vscode-insiders/extensions/ms-python.python-2021.11.1422169775/out/client/extension.js:9:114800
    at h.provideDocumentHighlights (/opt/visual-studio-code-insiders/resources/app/out/vs/workbench/services/extensions/node/extensionHostProcess.js:95:91799)
[2021-12-03 06:29:20.966] [exthost] [error] [ms-python.python] provider FAILED
[2021-12-03 06:29:20.966] [exthost] [error] Canceled: Canceled
    at S.makeCancelError (/home/aadi/.vscode-insiders/extensions/ms-python.python-2021.11.1422169775/out/client/extension.js:9:151015)
    at S.handleFailedRequest (/home/aadi/.vscode-insiders/extensions/ms-python.python-2021.11.1422169775/out/client/extension.js:9:150866)
    at /home/aadi/.vscode-insiders/extensions/ms-python.python-2021.11.1422169775/out/client/extension.js:9:114800
    at h.provideDocumentHighlights (/opt/visual-studio-code-insiders/resources/app/out/vs/workbench/services/extensions/node/extensionHostProcess.js:95:91799)
[2021-12-03 06:42:14.503] [exthost] [info] extension host terminating: renderer closed the socket
[2021-12-03 06:42:14.727] [exthost] [error] TypeError: Converting circular structure to JSON
    --> starting at object with constructor 't'
    |     property '_readableState' -> object with constructor 'C'
    |     property 'pipes' -> object with constructor 'Array'
    |     index 0 -> object with constructor 't.ConsoleForElectron'
    --- property 'parent' closes the circle
    at JSON.stringify (<anonymous>)
    at /home/aadi/.vscode-insiders/extensions/vscodevim.vim-1.21.10/src/register/register.ts:357:16
    at process.async (internal/process/task_queues.js:93:5)
    at Object.e.deactivate (/home/aadi/.vscode-insiders/extensions/vscodevim.vim-1.21.10/extension.ts:36:8)
    at async Promise.all (index 17)
    at v.deactivateAll (/opt/visual-studio-code-insiders/resources/app/out/vs/workbench/services/extensions/node/extensionHostProcess.js:100:10083)
[2021-12-03 06:42:15.517] [exthost] [info] Extension host with pid 472709 exiting with code 0
