[2021-12-03 12:49:16.628] [exthost] [info] Extension host with pid 741939 started
[2021-12-03 12:49:16.628] [exthost] [info] Skipping acquiring lock for /home/aadi/.config/Code - Insiders/User/workspaceStorage/528b3dbe2788582332d44cb2d8ebad32.
[2021-12-03 12:49:16.660] [exthost] [info] ExtensionService#_doActivateExtension vscode.microsoft-authentication, startup: false, activationEvent: 'onAuthenticationRequest:microsoft'
[2021-12-03 12:49:16.681] [exthost] [info] ExtensionService#_doActivateExtension vscode.debug-auto-launch, startup: true, activationEvent: '*'
[2021-12-03 12:49:16.682] [exthost] [info] ExtensionService#_doActivateExtension vscode.git-base, startup: true, activationEvent: '*', root cause: vscode.github
[2021-12-03 12:49:16.684] [exthost] [info] ExtensionService#_doActivateExtension vscodevim.vim, startup: true, activationEvent: '*'
[2021-12-03 12:49:16.726] [exthost] [info] ExtensionService#_doActivateExtension vscode.git, startup: true, activationEvent: '*'
[2021-12-03 12:49:16.737] [exthost] [info] ExtensionService#_doActivateExtension vscode.github, startup: true, activationEvent: '*'
[2021-12-03 12:49:16.784] [exthost] [info] Eager extensions activated
[2021-12-03 12:49:16.816] [exthost] [info] ExtensionService#_doActivateExtension vscode.emmet, startup: false, activationEvent: 'onStartupFinished'
[2021-12-03 12:49:16.819] [exthost] [info] ExtensionService#_doActivateExtension vscode.merge-conflict, startup: false, activationEvent: 'onStartupFinished'
[2021-12-03 12:49:16.820] [exthost] [info] ExtensionService#_doActivateExtension PKief.material-icon-theme, startup: false, activationEvent: 'onStartupFinished'
[2021-12-03 12:49:16.824] [exthost] [info] ExtensionService#_doActivateExtension vscode.github-authentication, startup: false, activationEvent: 'onAuthenticationRequest:github'
[2021-12-03 12:49:39.895] [exthost] [info] ExtensionService#_doActivateExtension ms-python.python, startup: false, activationEvent: 'onLanguage:python', root cause: ms-python.vscode-pylance
[2021-12-03 12:49:40.018] [exthost] [info] ExtensionService#_doActivateExtension ms-toolsai.jupyter, startup: false, activationEvent: 'onLanguage:python'
[2021-12-03 12:49:40.232] [exthost] [info] ExtensionService#_doActivateExtension ms-toolsai.jupyter-renderers, startup: false, activationEvent: 'api', root cause: ms-toolsai.jupyter
[2021-12-03 12:49:40.275] [exthost] [info] ExtensionService#_doActivateExtension ms-python.vscode-pylance, startup: false, activationEvent: 'onLanguage:python'
[2021-12-03 12:59:00.268] [exthost] [error] [ms-python.python] provider FAILED
[2021-12-03 12:59:00.268] [exthost] [error] TypeError: Cannot read property 'length' of undefined
    at /home/aadi/.vscode-insiders/extensions/ms-python.python-2021.12.1522449417-dev/out/client/extension.js:67:257359
    at p (/home/aadi/.vscode-insiders/extensions/ms-python.python-2021.12.1522449417-dev/out/client/extension.js:67:262355)
    at z.provideCompletionItems (/opt/visual-studio-code-insiders/resources/app/out/vs/workbench/services/extensions/node/extensionHostProcess.js:95:101392)
[2021-12-03 12:59:55.919] [exthost] [info] ExtensionService#_doActivateExtension vscode.debug-server-ready, startup: false, activationEvent: 'onDebugResolve'
[2021-12-03 13:01:15.868] [exthost] [error] [ms-python.python] provider FAILED
[2021-12-03 13:01:15.868] [exthost] [error] Canceled: Canceled
    at S.makeCancelError (/home/aadi/.vscode-insiders/extensions/ms-python.python-2021.12.1522449417-dev/out/client/extension.js:24:159824)
    at S.handleFailedRequest (/home/aadi/.vscode-insiders/extensions/ms-python.python-2021.12.1522449417-dev/out/client/extension.js:24:159675)
    at /home/aadi/.vscode-insiders/extensions/ms-python.python-2021.12.1522449417-dev/out/client/extension.js:24:127536
    at I.provideCodeActions (/opt/visual-studio-code-insiders/resources/app/out/vs/workbench/services/extensions/node/extensionHostProcess.js:95:93155)
[2021-12-03 13:01:23.789] [exthost] [error] [ms-python.python] provider FAILED
[2021-12-03 13:01:23.790] [exthost] [error] Canceled: Canceled
    at S.makeCancelError (/home/aadi/.vscode-insiders/extensions/ms-python.python-2021.12.1522449417-dev/out/client/extension.js:24:159824)
    at S.handleFailedRequest (/home/aadi/.vscode-insiders/extensions/ms-python.python-2021.12.1522449417-dev/out/client/extension.js:24:159675)
    at /home/aadi/.vscode-insiders/extensions/ms-python.python-2021.12.1522449417-dev/out/client/extension.js:24:127536
    at I.provideCodeActions (/opt/visual-studio-code-insiders/resources/app/out/vs/workbench/services/extensions/node/extensionHostProcess.js:95:93155)
[2021-12-03 13:01:48.300] [exthost] [error] [ms-python.python] provider FAILED
[2021-12-03 13:01:48.300] [exthost] [error] Canceled: Canceled
    at S.makeCancelError (/home/aadi/.vscode-insiders/extensions/ms-python.python-2021.12.1522449417-dev/out/client/extension.js:24:159824)
    at S.handleFailedRequest (/home/aadi/.vscode-insiders/extensions/ms-python.python-2021.12.1522449417-dev/out/client/extension.js:24:159675)
    at /home/aadi/.vscode-insiders/extensions/ms-python.python-2021.12.1522449417-dev/out/client/extension.js:24:123609
    at h.provideDocumentHighlights (/opt/visual-studio-code-insiders/resources/app/out/vs/workbench/services/extensions/node/extensionHostProcess.js:95:91799)
[2021-12-03 13:02:19.128] [exthost] [error] [ms-python.python] provider FAILED
[2021-12-03 13:02:19.128] [exthost] [error] Canceled: Canceled
    at S.makeCancelError (/home/aadi/.vscode-insiders/extensions/ms-python.python-2021.12.1522449417-dev/out/client/extension.js:24:159824)
    at S.handleFailedRequest (/home/aadi/.vscode-insiders/extensions/ms-python.python-2021.12.1522449417-dev/out/client/extension.js:24:159675)
    at /home/aadi/.vscode-insiders/extensions/ms-python.python-2021.12.1522449417-dev/out/client/extension.js:24:123609
    at h.provideDocumentHighlights (/opt/visual-studio-code-insiders/resources/app/out/vs/workbench/services/extensions/node/extensionHostProcess.js:95:91799)
[2021-12-03 13:04:42.768] [exthost] [info] extension host terminating: renderer closed the socket
[2021-12-03 13:04:42.969] [exthost] [error] TypeError: Converting circular structure to JSON
    --> starting at object with constructor 't'
    |     property '_readableState' -> object with constructor 'C'
    |     property 'pipes' -> object with constructor 'Array'
    |     index 0 -> object with constructor 't.ConsoleForElectron'
    --- property 'parent' closes the circle
    at JSON.stringify (<anonymous>)
    at /home/aadi/.vscode-insiders/extensions/vscodevim.vim-1.21.10/src/register/register.ts:357:16
    at runMicrotasks (<anonymous>)
    at process.async (internal/process/task_queues.js:93:5)
    at Object.e.deactivate (/home/aadi/.vscode-insiders/extensions/vscodevim.vim-1.21.10/extension.ts:36:8)
    at async Promise.all (index 14)
    at v.deactivateAll (/opt/visual-studio-code-insiders/resources/app/out/vs/workbench/services/extensions/node/extensionHostProcess.js:100:10083)
[2021-12-03 13:04:42.969] [exthost] [info] Extension host with pid 741939 exiting with code 0
