[Info  - 1:04:53 PM] Pylance language server 2021.12.1-pre.1 (pyright acfc919d) starting
[Info  - 1:04:53 PM] Server root directory: /home/aadi/.vscode-insiders/extensions/ms-python.vscode-pylance-2021.12.1-pre.1/dist
[Info  - 1:04:53 PM] No configuration file found.
[Info  - 1:04:53 PM] No pyproject.toml file found.
[Info  - 1:04:53 PM] Setting pythonPath for service "omdena": "/home/aadi/projects/omdena/src/env/bin/python"
[Warn  - 1:04:53 PM] stubPath /home/aadi/projects/omdena/typings is not a valid directory.
[Info  - 1:04:53 PM] Assuming Python version 3.9
[Info  - 1:04:53 PM] Assuming Python platform Linux
[Warn  - 1:04:53 PM] Exception received when installing file system watcher: TypeError [ERR_FEATURE_UNAVAILABLE_ON_PLATFORM]: The feature watch recursively is unavailable on the current platform, which is being used to run Node.js
[Warn  - 1:04:53 PM] Exception received when installing file system watcher: TypeError [ERR_FEATURE_UNAVAILABLE_ON_PLATFORM]: The feature watch recursively is unavailable on the current platform, which is being used to run Node.js
[Info  - 1:04:53 PM] Searching for source files
[Info  - 1:04:53 PM] Auto-excluding /home/aadi/projects/omdena/src/env
[Info  - 1:04:53 PM] Found 6 source files
[Info  - 1:04:53 PM] Background analysis(1) root directory: /home/aadi/.vscode-insiders/extensions/ms-python.vscode-pylance-2021.12.1-pre.1/dist
[Info  - 1:04:53 PM] Background analysis(1) started
[Info  - 1:04:53 PM] Indexer background runner(2) root directory: /home/aadi/.vscode-insiders/extensions/ms-python.vscode-pylance-2021.12.1-pre.1/dist
[Info  - 1:04:53 PM] Indexing(2) started
[Info  - 1:04:54 PM] Indexer done(2). indexed 429 files
[Info  - 1:10:52 PM] Searching for source files
[Info  - 1:10:52 PM] Auto-excluding /home/aadi/projects/omdena/src/env
[Info  - 1:10:52 PM] Found 7 source files
[Info  - 1:11:35 PM] Searching for source files
[Info  - 1:11:35 PM] Auto-excluding /home/aadi/projects/omdena/src/env
[Info  - 1:11:35 PM] Found 7 source files
[Info  - 1:11:36 PM] Indexer background runner(3) root directory: /home/aadi/.vscode-insiders/extensions/ms-python.vscode-pylance-2021.12.1-pre.1/dist
[Info  - 1:11:36 PM] Indexing(3) started
[Info  - 1:11:37 PM] Indexer done(3). indexed 430 files
[Info  - 1:11:52 PM] Searching for source files
[Info  - 1:11:52 PM] Auto-excluding /home/aadi/projects/omdena/src/env
[Info  - 1:11:52 PM] Found 7 source files
[Info  - 1:11:53 PM] Searching for source files
[Info  - 1:11:53 PM] Auto-excluding /home/aadi/projects/omdena/src/env
[Info  - 1:11:53 PM] Found 7 source files
[Info  - 1:11:56 PM] Searching for source files
[Info  - 1:11:56 PM] Auto-excluding /home/aadi/projects/omdena/src/env
[Info  - 1:11:56 PM] Found 7 source files
[Info  - 1:11:59 PM] Searching for source files
[Info  - 1:11:59 PM] Auto-excluding /home/aadi/projects/omdena/src/env
[Info  - 1:11:59 PM] Found 7 source files
[Info  - 1:12:03 PM] Indexer background runner(4) root directory: /home/aadi/.vscode-insiders/extensions/ms-python.vscode-pylance-2021.12.1-pre.1/dist
[Info  - 1:12:03 PM] Indexing(4) started
[Info  - 1:12:03 PM] Indexer done(4). indexed 431 files
[Info  - 1:15:02 PM] Searching for source files
[Info  - 1:15:02 PM] Auto-excluding /home/aadi/projects/omdena/src/env
[Info  - 1:15:02 PM] Found 7 source files
[Info  - 1:51:40 PM] Searching for source files
[Info  - 1:51:40 PM] Auto-excluding /home/aadi/projects/omdena/src/env
[Info  - 1:51:40 PM] Found 8 source files
[Info  - 1:53:33 PM] Searching for source files
[Info  - 1:53:33 PM] Auto-excluding /home/aadi/projects/omdena/src/env
[Info  - 1:53:33 PM] Found 8 source files
[Info  - 1:53:34 PM] Searching for source files
[Info  - 1:53:34 PM] Auto-excluding /home/aadi/projects/omdena/src/env
[Info  - 1:53:34 PM] Found 8 source files
[Info  - 1:53:50 PM] Searching for source files
[Info  - 1:53:50 PM] Auto-excluding /home/aadi/projects/omdena/src/env
[Info  - 1:53:50 PM] Found 8 source files
[Info  - 1:53:52 PM] Searching for source files
[Info  - 1:53:52 PM] Auto-excluding /home/aadi/projects/omdena/src/env
[Info  - 1:53:52 PM] Found 13 source files
[Info  - 1:54:13 PM] Searching for source files
[Info  - 1:54:13 PM] Auto-excluding /home/aadi/projects/omdena/src/env
[Info  - 1:54:13 PM] Found 13 source files
[Info  - 1:56:34 PM] Searching for source files
[Info  - 1:56:34 PM] Auto-excluding /home/aadi/projects/omdena/src/env
[Info  - 1:56:34 PM] Found 13 source files
[Info  - 1:56:38 PM] Searching for source files
[Info  - 1:56:38 PM] Auto-excluding /home/aadi/projects/omdena/src/env
[Info  - 1:56:38 PM] Found 13 source files
[Info  - 1:56:38 PM] Indexer background runner(5) root directory: /home/aadi/.vscode-insiders/extensions/ms-python.vscode-pylance-2021.12.1-pre.1/dist
[Info  - 1:56:38 PM] Indexing(5) started
[Info  - 1:56:41 PM] Searching for source files
[Info  - 1:56:41 PM] Auto-excluding /home/aadi/projects/omdena/src/env
[Info  - 1:56:41 PM] Found 13 source files
[Info  - 1:56:43 PM] Searching for source files
[Info  - 1:56:43 PM] Auto-excluding /home/aadi/projects/omdena/src/env
[Info  - 1:56:43 PM] Found 13 source files
[Info  - 1:56:48 PM] Indexer done(5). indexed 446 files
[Info  - 1:56:53 PM] Searching for source files
[Info  - 1:56:53 PM] Auto-excluding /home/aadi/projects/omdena/src/env
[Info  - 1:56:53 PM] Found 13 source files
[Info  - 1:56:53 PM] Searching for source files
[Info  - 1:56:53 PM] Auto-excluding /home/aadi/projects/omdena/src/env
[Info  - 1:56:53 PM] Found 13 source files
[Info  - 1:56:55 PM] Searching for source files
[Info  - 1:56:55 PM] Auto-excluding /home/aadi/projects/omdena/src/env
[Info  - 1:56:55 PM] Found 13 source files
[Info  - 1:56:57 PM] Indexer background runner(6) root directory: /home/aadi/.vscode-insiders/extensions/ms-python.vscode-pylance-2021.12.1-pre.1/dist
[Info  - 1:56:57 PM] Indexing(6) started
[Info  - 1:56:59 PM] Searching for source files
[Info  - 1:56:59 PM] Auto-excluding /home/aadi/projects/omdena/src/env
[Info  - 1:56:59 PM] Found 13 source files
[Info  - 1:57:02 PM] Indexer done(6). indexed 505 files
[Info  - 2:03:24 PM] Searching for source files
[Info  - 2:03:24 PM] Auto-excluding /home/aadi/projects/omdena/src/env
[Info  - 2:03:24 PM] Found 13 source files
[Info  - 2:04:19 PM] Searching for source files
[Info  - 2:04:19 PM] Auto-excluding /home/aadi/projects/omdena/src/env
[Info  - 2:04:19 PM] Found 13 source files
