[2021-12-03 06:14:03.648] [sharedprocess] [info] Starting worker process with pid 471854 (type: watcherServiceParcelSharedProcess, window: 1).
[2021-12-03 06:14:06.829] [sharedprocess] [info] Installing extension: ms-toolsai.jupyter
[2021-12-03 06:14:09.358] [sharedprocess] [info] Downloaded extension: ms-toolsai.jupyter /home/aadi/.config/Code - Insiders/CachedExtensionVSIXs/ms-toolsai.jupyter-2021.11.1001532801
[2021-12-03 06:14:09.620] [sharedprocess] [info] Extracted extension to /home/aadi/.vscode-insiders/extensions/.750cf701-0e64-4d25-84f9-f0d9b9f81d74: ms-toolsai.jupyter
[2021-12-03 06:14:09.628] [sharedprocess] [info] Renamed to /home/aadi/.vscode-insiders/extensions/ms-toolsai.jupyter-2021.11.1001532801
[2021-12-03 06:14:09.630] [sharedprocess] [info] Extracting completed. ms-toolsai.jupyter
[2021-12-03 06:14:09.635] [sharedprocess] [info] Extension installed successfully: ms-toolsai.jupyter
[2021-12-03 06:14:14.919] [sharedprocess] [info] Worker process with pid 471854 terminated normally (type: watcherServiceParcelSharedProcess, window: 1).
[2021-12-03 06:14:16.133] [sharedprocess] [info] Starting worker process with pid 472232 (type: watcherServiceParcelSharedProcess, window: 1).
[2021-12-03 06:14:24.675] [sharedprocess] [info] Worker process with pid 472232 terminated normally (type: watcherServiceParcelSharedProcess, window: 1).
[2021-12-03 06:14:34.346] [sharedprocess] [info] Starting worker process with pid 472710 (type: watcherServiceParcelSharedProcess, window: 1).
[2021-12-03 06:19:50.429] [sharedprocess] [info] Installing extension: ms-python.python
[2021-12-03 06:19:52.202] [sharedprocess] [info] Extracted extension to /home/aadi/.vscode-insiders/extensions/.24633d04-9d26-4672-ab06-6fc1c3c26e8a: ms-python.python
[2021-12-03 06:19:52.215] [sharedprocess] [info] Renamed to /home/aadi/.vscode-insiders/extensions/ms-python.python-2021.12.1522449417-dev
[2021-12-03 06:19:52.216] [sharedprocess] [info] Extracting completed. ms-python.python
[2021-12-03 06:19:52.218] [sharedprocess] [info] Extension installed successfully: ms-python.python
[2021-12-03 06:19:53.177] [sharedprocess] [info] Installing extension: ms-python.vscode-pylance
[2021-12-03 06:19:54.623] [sharedprocess] [info] Extracted extension to /home/aadi/.vscode-insiders/extensions/.db3c78ef-4d41-4dbc-b60d-41635e4439fc: ms-python.vscode-pylance
[2021-12-03 06:19:54.633] [sharedprocess] [info] Renamed to /home/aadi/.vscode-insiders/extensions/ms-python.vscode-pylance-2021.12.1-pre.1
[2021-12-03 06:19:54.634] [sharedprocess] [info] Extracting completed. ms-python.vscode-pylance
[2021-12-03 06:19:54.634] [sharedprocess] [info] Extension installed successfully: ms-python.vscode-pylance
