Experiment 'pythonaacf' is active
Experiment 'pythonTensorboardExperiment' is active
Experiment 'PythonPyTorchProfiler' is active
Experiment 'pythonDeprecatePythonPath' is active
Experiment 'pythonRunFailedTestsButtonDisplayed' is active
Experiment 'pythonRefreshTestsButtonDisplayed' is active
Experiment 'pythonRememberDebugConfig' is active
> conda info --json
> ~/miniconda3/envs/fire-bot/bin/python ~/.vscode-insiders/extensions/ms-python.python-2021.11.1422169775/pythonFiles/interpreterInfo.py
> ~/.conda/bin/conda info --json
> ~/miniconda3/bin/conda info --json
Python interpreter path: ~/miniconda3/envs/fire-bot/bin/python
> ~/miniconda3/bin/python ~/.vscode-insiders/extensions/ms-python.python-2021.11.1422169775/pythonFiles/interpreterInfo.py
> ". /home/aadi/miniconda3/bin/activate && conda activate fire-bot && echo 'e8b39361-0157-4923-80e1-22d70d46dee6' && python /home/aadi/.vscode-insiders/extensions/ms-python.python-2021.11.1422169775/pythonFiles/printEnvVariables.py"
> ". /home/aadi/miniconda3/bin/activate && conda activate fire-bot && echo 'e8b39361-0157-4923-80e1-22d70d46dee6' && python /home/aadi/.vscode-insiders/extensions/ms-python.python-2021.11.1422169775/pythonFiles/printEnvVariables.py"
> ". /home/aadi/miniconda3/bin/activate && conda activate fire-bot && echo 'e8b39361-0157-4923-80e1-22d70d46dee6' && python /home/aadi/.vscode-insiders/extensions/ms-python.python-2021.11.1422169775/pythonFiles/printEnvVariables.py"
> ". /home/aadi/miniconda3/bin/activate && conda activate fire-bot && echo 'e8b39361-0157-4923-80e1-22d70d46dee6' && python /home/aadi/.vscode-insiders/extensions/ms-python.python-2021.11.1422169775/pythonFiles/printEnvVariables.py"
> /bin/python ~/.vscode-insiders/extensions/ms-python.python-2021.11.1422169775/pythonFiles/interpreterInfo.py
> /sbin/python ~/.vscode-insiders/extensions/ms-python.python-2021.11.1422169775/pythonFiles/interpreterInfo.py
> /usr/bin/python ~/.vscode-insiders/extensions/ms-python.python-2021.11.1422169775/pythonFiles/interpreterInfo.py
> /usr/sbin/python ~/.vscode-insiders/extensions/ms-python.python-2021.11.1422169775/pythonFiles/interpreterInfo.py
Starting Pylance language server.
Error 2021-12-03 06:14:24: Error while running worker[Worker 2]. undefined
Error 2021-12-03 06:14:24: Error while running worker[Worker 1]. undefined
Error 2021-12-03 06:14:24: Failed to display conda inherit env prompt, Class name = m, completed in 7694ms, has a falsy return value, , Return Value: undefined Canceled: Canceled
    at Object.R [as canceled] (/opt/visual-studio-code-insiders/resources/app/out/vs/workbench/services/extensions/node/extensionHostProcess.js:5:1157)
    at /opt/visual-studio-code-insiders/resources/app/out/vs/workbench/services/extensions/node/extensionHostProcess.js:99:9064
    at Array.forEach (<anonymous>)
    at t.dispose (/opt/visual-studio-code-insiders/resources/app/out/vs/workbench/services/extensions/node/extensionHostProcess.js:99:9012)
    at p.terminate (/opt/visual-studio-code-insiders/resources/app/out/vs/workbench/services/extensions/node/extensionHostProcess.js:104:694)
    at r (/opt/visual-studio-code-insiders/resources/app/out/vs/workbench/services/extensions/node/extensionHostProcess.js:114:36400)
    at Socket.<anonymous> (/opt/visual-studio-code-insiders/resources/app/out/vs/workbench/services/extensions/node/extensionHostProcess.js:114:34012)
    at Socket.emit (events.js:327:22)
    at Pipe.<anonymous> (net.js:673:12)
Error 2021-12-03 06:14:24: Failed to intialize conda inherit env prompt, Class name = m, completed in 7699ms, has a falsy return value, Arg 1: <Uri:/mnt/storage/projects/fire-bot/src/TestingBayesianModel.ipynb>, Return Value: undefined Canceled: Canceled
    at Object.R [as canceled] (/opt/visual-studio-code-insiders/resources/app/out/vs/workbench/services/extensions/node/extensionHostProcess.js:5:1157)
    at /opt/visual-studio-code-insiders/resources/app/out/vs/workbench/services/extensions/node/extensionHostProcess.js:99:9064
    at Array.forEach (<anonymous>)
    at t.dispose (/opt/visual-studio-code-insiders/resources/app/out/vs/workbench/services/extensions/node/extensionHostProcess.js:99:9012)
    at p.terminate (/opt/visual-studio-code-insiders/resources/app/out/vs/workbench/services/extensions/node/extensionHostProcess.js:104:694)
    at r (/opt/visual-studio-code-insiders/resources/app/out/vs/workbench/services/extensions/node/extensionHostProcess.js:114:36400)
    at Socket.<anonymous> (/opt/visual-studio-code-insiders/resources/app/out/vs/workbench/services/extensions/node/extensionHostProcess.js:114:34012)
    at Socket.emit (events.js:327:22)
    at Pipe.<anonymous> (net.js:673:12)
